<?xml version="1.0" encoding="UTF-8"?>
<robot generator="Robot 7.1 (Python 3.10.5 on darwin)" generated="2024-09-22T17:58:58.090584" rpa="false" schemaversion="5">
<suite id="s1" name="User Tests" source="/Users/alanalrechah/Desktop/Projects/energy-billing-platform/apps/authentication/tests/robot_tests/user_tests.robot">
<kw name="Set Base URL" type="SETUP">
<kw name="Create Session" owner="RequestsLibrary">
<msg time="2024-09-22T17:58:58.141499" level="INFO">Creating Session using : alias=authentication, url=http://localhost:8000, headers={},                     cookies={}, auth=None, timeout=None, proxies=None, verify=False,                     debug=0 </msg>
<arg>authentication</arg>
<arg>${BASE_URL}</arg>
<doc>Create Session: create a HTTP session to a server</doc>
<status status="PASS" start="2024-09-22T17:58:58.141403" elapsed="0.000205"/>
</kw>
<status status="PASS" start="2024-09-22T17:58:58.141143" elapsed="0.000511"/>
</kw>
<test id="s1-t1" name="Register New Customer User" line="14">
<kw name="Create User">
<kw name="Create Dictionary" owner="BuiltIn">
<msg time="2024-09-22T17:58:58.142269" level="INFO">${data} = {'username': 'customer2', 'password': 'password123', 'email': 'customer1@example.com'}</msg>
<var>${data}</var>
<arg>username=${username}</arg>
<arg>password=${password}</arg>
<arg>email=${email}</arg>
<doc>Creates and returns a dictionary based on the given ``items``.</doc>
<status status="PASS" start="2024-09-22T17:58:58.142059" elapsed="0.000224"/>
</kw>
<kw name="Post Request" owner="RequestsLibrary">
<msg time="2024-09-22T17:58:58.142354" level="WARN">Keyword 'RequestsLibrary.Post Request' is deprecated. Please use `POST On Session` instead.</msg>
<msg time="2024-09-22T17:58:58.424654" level="INFO">POST Request : url=http://localhost:8000/auth/register/ 
 path_url=/auth/register/ 
 headers={'User-Agent': 'python-requests/2.32.3', 'Accept-Encoding': 'gzip, deflate, br', 'Accept': '*/*', 'Connection': 'keep-alive', 'Content-Length': '86', 'Content-Type': 'application/json'} 
 body=b'{"username": "customer2", "password": "password123", "email": "customer1@example.com"}' 
 </msg>
<msg time="2024-09-22T17:58:58.424875" level="INFO">POST Response : url=http://localhost:8000/auth/register/ 
 status=500, reason=Internal Server Error 
 headers={'Date': 'Sun, 22 Sep 2024 17:58:58 GMT', 'Server': 'WSGIServer/0.2 CPython/3.10.5', 'Content-Type': 'text/html; charset=utf-8', 'X-Frame-Options': 'DENY', 'Content-Length': '202196', 'Vary': 'Cookie', 'X-Content-Type-Options': 'nosniff', 'Referrer-Policy': 'same-origin', 'Cross-Origin-Opener-Policy': 'same-origin'} 
 body=&lt;!DOCTYPE html&gt;
&lt;html lang="en"&gt;
&lt;head&gt;
  &lt;meta http-equiv="content-type" content="text/html; charset=utf-8"&gt;
  &lt;meta name="robots" content="NONE,NOARCHIVE"&gt;
  &lt;title&gt;Exception
          at /auth/register/&lt;/title&gt;
  &lt;style&gt;
    html * { padding:0; margin:0; }
    body * { padding:10px 20px; }
    body * * { padding:0; }
    body { font-family: sans-serif; background-color:#fff; color:#000; }
    body &gt; :where(header, main, footer) { border-bottom:1px solid #ddd; }
    h1 { font-weight:normal; }
    h2 { margin-bottom:.8em; }
    h3 { margin:1em 0 .5em 0; }
    h4 { margin:0 0 .5em 0; font-weight: normal; }
    code, pre { font-size: 100%; white-space: pre-wrap; word-break: break-word; }
    summary { cursor: pointer; }
    table { border:1px solid #ccc; border-collapse: collapse; width:100%; background:white; }
    tbody td, tbody th { vertical-align:top; padding:2px 3px; }
    thead th {
      padding:1px 6px 1px 3px; background:#fefefe; text-align:left;
      font-weight:normal; font-size: 0.6875rem; border:1px solid #ddd;
    }
    tbody th { width:12em; text-align:right; color:#666; padding-right:.5em; }
    table.vars { margin:5px 10px 2px 40px; width: auto; }
    table.vars td, table.req td { font-family:monospace; }
    table td.code { width:100%; }
    table td.code pre { overflow:hidden; }
    table.source th { color:#666; }
    table.source td { font-family:monospace; white-space:pre; border-bottom:1px solid #eee; }
    ul.traceback { list-style-type:none; color: #222; }
    ul.traceback li.cause { word-break: break-word; }
    ul.traceback li.frame { padding-bottom:1em; color:#4f4f4f; }
    ul.traceback li.user { background-color:#e0e0e0; color:#000 }
    div.context { padding:10px 0; overflow:hidden; }
    div.context ol { padding-left:30px; margin:0 10px; list-style-position: inside; }
    div.context ol li { font-family:monospace; white-space:pre; color:#777; cursor:pointer; padding-left: 2px; }
    div.context ol li pre { display:inline; }
    div.context ol.context-line li { color:#464646; background-color:#dfdfdf; padding: 3px 2px; }
    div.context ol.context-line li span { position:absolute; right:32px; }
    .user div.context ol.context-line li { background-color:#bbb; color:#000; }
    .user div.context ol li { color:#666; }
    div.commands, summary.commands { margin-left: 40px; }
    div.commands a, summary.commands { color:#555; text-decoration:none; }
    .user div.commands a { color: black; }
    #summary { background: #ffc; }
    #summary h2 { font-weight: normal; color: #666; }
    #info { padding: 0; }
    #info &gt; * { padding:10px 20px; }
    #explanation { background:#eee; }
    #template, #template-not-exist { background:#f6f6f6; }
    #template-not-exist ul { margin: 0 0 10px 20px; }
    #template-not-exist .postmortem-section { margin-bottom: 3px; }
    #unicode-hint { background:#eee; }
    #traceback { background:#eee; }
    #requestinfo { background:#f6f6f6; padding-left:120px; }
    #summary table { border:none; background:transparent; }
    #requestinfo h2, #requestinfo h3 { position:relative; margin-left:-100px; }
    #requestinfo h3 { margin-bottom:-1em; }
    .error { background: #ffc; }
    .specific { color:#cc3300; font-weight:bold; }
    h2 span.commands { font-size: 0.7rem; font-weight:normal; }
    span.commands a:link {color:#5E5694;}
    pre.exception_value { font-family: sans-serif; color: #575757; font-size: 1.5rem; margin: 10px 0 10px 0; }
    .append-bottom { margin-bottom: 10px; }
    .fname { user-select: all; }
  &lt;/style&gt;
  
  &lt;script&gt;
    function hideAll(elems) {
      for (var e = 0; e &lt; elems.length; e++) {
        elems[e].style.display = 'none';
      }
    }
    window.onload = function() {
      hideAll(document.querySelectorAll('ol.pre-context'));
      hideAll(document.querySelectorAll('ol.post-context'));
      hideAll(document.querySelectorAll('div.pastebin'));
    }
    function toggle() {
      for (var i = 0; i &lt; arguments.length; i++) {
        var e = document.getElementById(arguments[i]);
        if (e) {
          e.style.display = e.style.display == 'none' ? 'block': 'none';
        }
      }
      return false;
    }
    function switchPastebinFriendly(link) {
      s1 = "Switch to copy-and-paste view";
      s2 = "Switch back to interactive view";
      link.textContent = link.textContent.trim() == s1 ? s2: s1;
      toggle('browserTraceback', 'pastebinTraceback');
      return false;
    }
  &lt;/script&gt;
  
&lt;/head&gt;
&lt;body&gt;
&lt;header id="summary"&gt;
  &lt;h1&gt;Exception
       at /auth/register/&lt;/h1&gt;
  &lt;pre class="exception_value"&gt;User already exists.&lt;/pre&gt;
  &lt;table class="meta"&gt;

    &lt;tr&gt;
      &lt;th scope="row"&gt;Request Method:&lt;/th&gt;
      &lt;td&gt;POST&lt;/td&gt;
    &lt;/tr&gt;
    &lt;tr&gt;
      &lt;th scope="row"&gt;Request URL:&lt;/th&gt;
      &lt;td&gt;http://localhost:8000/auth/register/&lt;/td&gt;
    &lt;/tr&gt;

    &lt;tr&gt;
      &lt;th scope="row"&gt;Django Version:&lt;/th&gt;
      &lt;td&gt;5.1.1&lt;/td&gt;
    &lt;/tr&gt;

    &lt;tr&gt;
      &lt;th scope="row"&gt;Exception Type:&lt;/th&gt;
      &lt;td&gt;Exception&lt;/td&gt;
    &lt;/tr&gt;


    &lt;tr&gt;
      &lt;th scope="row"&gt;Exception Value:&lt;/th&gt;
      &lt;td&gt;&lt;pre&gt;User already exists.&lt;/pre&gt;&lt;/td&gt;
    &lt;/tr&gt;


    &lt;tr&gt;
      &lt;th scope="row"&gt;Exception Location:&lt;/th&gt;
      &lt;td&gt;&lt;span class="fname"&gt;/Users/alanalrechah/Desktop/Projects/energy-billing-platform/apps/authentication/services/UserService.py&lt;/span&gt;, line 35, in register_customer&lt;/td&gt;
    &lt;/tr&gt;


    &lt;tr&gt;
      &lt;th scope="row"&gt;Raised during:&lt;/th&gt;
      &lt;td&gt;apps.authentication.views.UserViews.RegisterView&lt;/td&gt;
    &lt;/tr&gt;

    &lt;tr&gt;
      &lt;th scope="row"&gt;Python Executable:&lt;/th&gt;
      &lt;td&gt;/Users/alanalrechah/Desktop/Projects/energy-billing-platform/venv/bin/python&lt;/td&gt;
    &lt;/tr&gt;
    &lt;tr&gt;
      &lt;th scope="row"&gt;Python Version:&lt;/th&gt;
      &lt;td&gt;3.10.5&lt;/td&gt;
    &lt;/tr&gt;
    &lt;tr&gt;
      &lt;th scope="row"&gt;Python Path:&lt;/th&gt;
      &lt;td&gt;&lt;pre&gt;&lt;code&gt;[&amp;#x27;/Users/alanalrechah/Desktop/Projects/energy-billing-platform&amp;#x27;,
 &amp;#x27;/Users/alanalrechah/Desktop/Projects/energy-billing-platform&amp;#x27;,
 &amp;#x27;/Users/alanalrechah/.vscode/extensions/ms-python.debugpy-2024.10.0-darwin-arm64/bundled/libs/debugpy/_vendored/pydevd&amp;#x27;,
 &amp;#x27;/Users/alanalrechah/.pyenv/versions/3.10.5/lib/python310.zip&amp;#x27;,
 &amp;#x27;/Users/alanalrechah/.pyenv/versions/3.10.5/lib/python3.10&amp;#x27;,
 &amp;#x27;/Users/alanalrechah/.pyenv/versions/3.10.5/lib/python3.10/lib-dynload&amp;#x27;,
 &amp;#x27;/Users/alanalrechah/Desktop/Projects/energy-billing-platform/venv/lib/python3.10/site-packages&amp;#x27;]&lt;/code&gt;&lt;/pre&gt;&lt;/td&gt;
    &lt;/tr&gt;
    &lt;tr&gt;
      &lt;th scope="row"&gt;Server time:&lt;/th&gt;
      &lt;td&gt;Sun, 22 Sep 2024 17:58:58 +0000&lt;/td&gt;
    &lt;/tr&gt;
  &lt;/table&gt;
&lt;/header&gt;

&lt;main id="info"&gt;




&lt;div id="traceback"&gt;
  &lt;h2&gt;Traceback &lt;span class="commands"&gt;&lt;a href="#" onclick="return switchPastebinFriendly(this);"&gt;
    Switch to copy-and-paste view&lt;/a&gt;&lt;/span&gt;
  &lt;/h2&gt;
  &lt;div id="browserTraceback"&gt;
    &lt;ul class="traceback"&gt;
      
        
        &lt;li class="frame django"&gt;
          
            &lt;code class="fname"&gt;/Users/alanalrechah/Desktop/Projects/energy-billing-platform/venv/lib/python3.10/site-packages/django/db/backends/utils.py&lt;/code&gt;, line 105, in _execute
          

          
            &lt;div class="context" id="c4484114112"&gt;
              
                &lt;ol start="98" class="pre-context" id="pre4484114112"&gt;
                
                  &lt;li onclick="toggle('pre4484114112', 'post4484114112')"&gt;&lt;pre&gt;            warnings.warn(self.APPS_NOT_READY_WARNING_MSG, category=RuntimeWarning)&lt;/pre&gt;&lt;/li&gt;
                
                  &lt;li onclick="toggle('pre4484114112', 'post4484114112')"&gt;&lt;pre&gt;        self.db.validate_no_broken_transaction()&lt;/pre&gt;&lt;/li&gt;
                
                  &lt;li onclick="toggle('pre4484114112', 'post4484114112')"&gt;&lt;pre&gt;        with self.db.wrap_database_errors:&lt;/pre&gt;&lt;/li&gt;
                
                  &lt;li onclick="toggle('pre4484114112', 'post4484114112')"&gt;&lt;pre&gt;            if params is None:&lt;/pre&gt;&lt;/li&gt;
                
                  &lt;li onclick="toggle('pre4484114112', 'post4484114112')"&gt;&lt;pre&gt;                # params default might be backend specific.&lt;/pre&gt;&lt;/li&gt;
                
                  &lt;li onclick="toggle('pre4484114112', 'post4484114112')"&gt;&lt;pre&gt;                return self.cursor.execute(sql)&lt;/pre&gt;&lt;/li&gt;
                
                  &lt;li onclick="toggle('pre4484114112', 'post4484114112')"&gt;&lt;pre&gt;            else:&lt;/pre&gt;&lt;/li&gt;
                
                &lt;/ol&gt;
              
              &lt;ol start="105" class="context-line"&gt;
                &lt;li onclick="toggle('pre4484114112', 'post4484114112')"&gt;&lt;pre&gt;                return self.cursor.execute(sql, params)&lt;/pre&gt; &lt;span&gt;…&lt;/span&gt;&lt;/li&gt;
              &lt;/ol&gt;
              
                &lt;ol start='106' class="post-context" id="post4484114112"&gt;
                  
                  &lt;li onclick="toggle('pre4484114112', 'post4484114112')"&gt;&lt;pre&gt;&lt;/pre&gt;&lt;/li&gt;
                  
                  &lt;li onclick="toggle('pre4484114112', 'post4484114112')"&gt;&lt;pre&gt;    def _executemany(self, sql, param_list, *ignored_wrapper_args):&lt;/pre&gt;&lt;/li&gt;
                  
                  &lt;li onclick="toggle('pre4484114112', 'post4484114112')"&gt;&lt;pre&gt;        # Raise a warning during app initialization (stored_app_configs is only&lt;/pre&gt;&lt;/li&gt;
                  
                  &lt;li onclick="toggle('pre4484114112', 'post4484114112')"&gt;&lt;pre&gt;        # ever set during testing).&lt;/pre&gt;&lt;/li&gt;
                  
                  &lt;li onclick="toggle('pre4484114112', 'post4484114112')"&gt;&lt;pre&gt;        if not apps.ready and not apps.stored_app_configs:&lt;/pre&gt;&lt;/li&gt;
                  
                  &lt;li onclick="toggle('pre4484114112', 'post4484114112')"&gt;&lt;pre&gt;            warnings.warn(self.APPS_NOT_READY_WARNING_MSG, category=RuntimeWarning)&lt;/pre&gt;&lt;/li&gt;
                  
              &lt;/ol&gt;
              
            &lt;/div&gt;
          

          
            
              &lt;details&gt;
                &lt;summary class="commands"&gt;Local vars&lt;/summary&gt;
            
            &lt;table class="vars" id="v4484114112"&gt;
              &lt;thead&gt;
                &lt;tr&gt;
                  &lt;th scope="col... (set the log level to DEBUG or TRACE to see the full content) 
 </msg>
<msg time="2024-09-22T17:58:58.425201" level="INFO">${response} = &lt;Response [500]&gt;</msg>
<var>${response}</var>
<arg>authentication</arg>
<arg>${REGISTER_URL}</arg>
<arg>json=${data}</arg>
<doc>*DEPRECATED* Please use `POST On Session` instead.</doc>
<status status="PASS" start="2024-09-22T17:58:58.142342" elapsed="0.282877"/>
</kw>
<kw name="Log" owner="BuiltIn">
<msg time="2024-09-22T17:58:58.425910" level="INFO">Status code: 500</msg>
<arg>Status code: ${response.status_code}</arg>
<doc>Logs the given message with the given level.</doc>
<status status="PASS" start="2024-09-22T17:58:58.425390" elapsed="0.000545"/>
</kw>
<kw name="Log" owner="BuiltIn">
<msg time="2024-09-22T17:58:58.426930" level="INFO">Response body: &lt;!DOCTYPE html&gt;
&lt;html lang="en"&gt;
&lt;head&gt;
  &lt;meta http-equiv="content-type" content="text/html; charset=utf-8"&gt;
  &lt;meta name="robots" content="NONE,NOARCHIVE"&gt;
  &lt;title&gt;Exception
          at /auth/register/&lt;/title&gt;
  &lt;style&gt;
    html * { padding:0; margin:0; }
    body * { padding:10px 20px; }
    body * * { padding:0; }
    body { font-family: sans-serif; background-color:#fff; color:#000; }
    body &gt; :where(header, main, footer) { border-bottom:1px solid #ddd; }
    h1 { font-weight:normal; }
    h2 { margin-bottom:.8em; }
    h3 { margin:1em 0 .5em 0; }
    h4 { margin:0 0 .5em 0; font-weight: normal; }
    code, pre { font-size: 100%; white-space: pre-wrap; word-break: break-word; }
    summary { cursor: pointer; }
    table { border:1px solid #ccc; border-collapse: collapse; width:100%; background:white; }
    tbody td, tbody th { vertical-align:top; padding:2px 3px; }
    thead th {
      padding:1px 6px 1px 3px; background:#fefefe; text-align:left;
      font-weight:normal; font-size: 0.6875rem; border:1px solid #ddd;
    }
    tbody th { width:12em; text-align:right; color:#666; padding-right:.5em; }
    table.vars { margin:5px 10px 2px 40px; width: auto; }
    table.vars td, table.req td { font-family:monospace; }
    table td.code { width:100%; }
    table td.code pre { overflow:hidden; }
    table.source th { color:#666; }
    table.source td { font-family:monospace; white-space:pre; border-bottom:1px solid #eee; }
    ul.traceback { list-style-type:none; color: #222; }
    ul.traceback li.cause { word-break: break-word; }
    ul.traceback li.frame { padding-bottom:1em; color:#4f4f4f; }
    ul.traceback li.user { background-color:#e0e0e0; color:#000 }
    div.context { padding:10px 0; overflow:hidden; }
    div.context ol { padding-left:30px; margin:0 10px; list-style-position: inside; }
    div.context ol li { font-family:monospace; white-space:pre; color:#777; cursor:pointer; padding-left: 2px; }
    div.context ol li pre { display:inline; }
    div.context ol.context-line li { color:#464646; background-color:#dfdfdf; padding: 3px 2px; }
    div.context ol.context-line li span { position:absolute; right:32px; }
    .user div.context ol.context-line li { background-color:#bbb; color:#000; }
    .user div.context ol li { color:#666; }
    div.commands, summary.commands { margin-left: 40px; }
    div.commands a, summary.commands { color:#555; text-decoration:none; }
    .user div.commands a { color: black; }
    #summary { background: #ffc; }
    #summary h2 { font-weight: normal; color: #666; }
    #info { padding: 0; }
    #info &gt; * { padding:10px 20px; }
    #explanation { background:#eee; }
    #template, #template-not-exist { background:#f6f6f6; }
    #template-not-exist ul { margin: 0 0 10px 20px; }
    #template-not-exist .postmortem-section { margin-bottom: 3px; }
    #unicode-hint { background:#eee; }
    #traceback { background:#eee; }
    #requestinfo { background:#f6f6f6; padding-left:120px; }
    #summary table { border:none; background:transparent; }
    #requestinfo h2, #requestinfo h3 { position:relative; margin-left:-100px; }
    #requestinfo h3 { margin-bottom:-1em; }
    .error { background: #ffc; }
    .specific { color:#cc3300; font-weight:bold; }
    h2 span.commands { font-size: 0.7rem; font-weight:normal; }
    span.commands a:link {color:#5E5694;}
    pre.exception_value { font-family: sans-serif; color: #575757; font-size: 1.5rem; margin: 10px 0 10px 0; }
    .append-bottom { margin-bottom: 10px; }
    .fname { user-select: all; }
  &lt;/style&gt;
  
  &lt;script&gt;
    function hideAll(elems) {
      for (var e = 0; e &lt; elems.length; e++) {
        elems[e].style.display = 'none';
      }
    }
    window.onload = function() {
      hideAll(document.querySelectorAll('ol.pre-context'));
      hideAll(document.querySelectorAll('ol.post-context'));
      hideAll(document.querySelectorAll('div.pastebin'));
    }
    function toggle() {
      for (var i = 0; i &lt; arguments.length; i++) {
        var e = document.getElementById(arguments[i]);
        if (e) {
          e.style.display = e.style.display == 'none' ? 'block': 'none';
        }
      }
      return false;
    }
    function switchPastebinFriendly(link) {
      s1 = "Switch to copy-and-paste view";
      s2 = "Switch back to interactive view";
      link.textContent = link.textContent.trim() == s1 ? s2: s1;
      toggle('browserTraceback', 'pastebinTraceback');
      return false;
    }
  &lt;/script&gt;
  
&lt;/head&gt;
&lt;body&gt;
&lt;header id="summary"&gt;
  &lt;h1&gt;Exception
       at /auth/register/&lt;/h1&gt;
  &lt;pre class="exception_value"&gt;User already exists.&lt;/pre&gt;
  &lt;table class="meta"&gt;

    &lt;tr&gt;
      &lt;th scope="row"&gt;Request Method:&lt;/th&gt;
      &lt;td&gt;POST&lt;/td&gt;
    &lt;/tr&gt;
    &lt;tr&gt;
      &lt;th scope="row"&gt;Request URL:&lt;/th&gt;
      &lt;td&gt;http://localhost:8000/auth/register/&lt;/td&gt;
    &lt;/tr&gt;

    &lt;tr&gt;
      &lt;th scope="row"&gt;Django Version:&lt;/th&gt;
      &lt;td&gt;5.1.1&lt;/td&gt;
    &lt;/tr&gt;

    &lt;tr&gt;
      &lt;th scope="row"&gt;Exception Type:&lt;/th&gt;
      &lt;td&gt;Exception&lt;/td&gt;
    &lt;/tr&gt;


    &lt;tr&gt;
      &lt;th scope="row"&gt;Exception Value:&lt;/th&gt;
      &lt;td&gt;&lt;pre&gt;User already exists.&lt;/pre&gt;&lt;/td&gt;
    &lt;/tr&gt;


    &lt;tr&gt;
      &lt;th scope="row"&gt;Exception Location:&lt;/th&gt;
      &lt;td&gt;&lt;span class="fname"&gt;/Users/alanalrechah/Desktop/Projects/energy-billing-platform/apps/authentication/services/UserService.py&lt;/span&gt;, line 35, in register_customer&lt;/td&gt;
    &lt;/tr&gt;


    &lt;tr&gt;
      &lt;th scope="row"&gt;Raised during:&lt;/th&gt;
      &lt;td&gt;apps.authentication.views.UserViews.RegisterView&lt;/td&gt;
    &lt;/tr&gt;

    &lt;tr&gt;
      &lt;th scope="row"&gt;Python Executable:&lt;/th&gt;
      &lt;td&gt;/Users/alanalrechah/Desktop/Projects/energy-billing-platform/venv/bin/python&lt;/td&gt;
    &lt;/tr&gt;
    &lt;tr&gt;
      &lt;th scope="row"&gt;Python Version:&lt;/th&gt;
      &lt;td&gt;3.10.5&lt;/td&gt;
    &lt;/tr&gt;
    &lt;tr&gt;
      &lt;th scope="row"&gt;Python Path:&lt;/th&gt;
      &lt;td&gt;&lt;pre&gt;&lt;code&gt;[&amp;#x27;/Users/alanalrechah/Desktop/Projects/energy-billing-platform&amp;#x27;,
 &amp;#x27;/Users/alanalrechah/Desktop/Projects/energy-billing-platform&amp;#x27;,
 &amp;#x27;/Users/alanalrechah/.vscode/extensions/ms-python.debugpy-2024.10.0-darwin-arm64/bundled/libs/debugpy/_vendored/pydevd&amp;#x27;,
 &amp;#x27;/Users/alanalrechah/.pyenv/versions/3.10.5/lib/python310.zip&amp;#x27;,
 &amp;#x27;/Users/alanalrechah/.pyenv/versions/3.10.5/lib/python3.10&amp;#x27;,
 &amp;#x27;/Users/alanalrechah/.pyenv/versions/3.10.5/lib/python3.10/lib-dynload&amp;#x27;,
 &amp;#x27;/Users/alanalrechah/Desktop/Projects/energy-billing-platform/venv/lib/python3.10/site-packages&amp;#x27;]&lt;/code&gt;&lt;/pre&gt;&lt;/td&gt;
    &lt;/tr&gt;
    &lt;tr&gt;
      &lt;th scope="row"&gt;Server time:&lt;/th&gt;
      &lt;td&gt;Sun, 22 Sep 2024 17:58:58 +0000&lt;/td&gt;
    &lt;/tr&gt;
  &lt;/table&gt;
&lt;/header&gt;

&lt;main id="info"&gt;




&lt;div id="traceback"&gt;
  &lt;h2&gt;Traceback &lt;span class="commands"&gt;&lt;a href="#" onclick="return switchPastebinFriendly(this);"&gt;
    Switch to copy-and-paste view&lt;/a&gt;&lt;/span&gt;
  &lt;/h2&gt;
  &lt;div id="browserTraceback"&gt;
    &lt;ul class="traceback"&gt;
      
        
        &lt;li class="frame django"&gt;
          
            &lt;code class="fname"&gt;/Users/alanalrechah/Desktop/Projects/energy-billing-platform/venv/lib/python3.10/site-packages/django/db/backends/utils.py&lt;/code&gt;, line 105, in _execute
          

          
            &lt;div class="context" id="c4484114112"&gt;
              
                &lt;ol start="98" class="pre-context" id="pre4484114112"&gt;
                
                  &lt;li onclick="toggle('pre4484114112', 'post4484114112')"&gt;&lt;pre&gt;            warnings.warn(self.APPS_NOT_READY_WARNING_MSG, category=RuntimeWarning)&lt;/pre&gt;&lt;/li&gt;
                
                  &lt;li onclick="toggle('pre4484114112', 'post4484114112')"&gt;&lt;pre&gt;        self.db.validate_no_broken_transaction()&lt;/pre&gt;&lt;/li&gt;
                
                  &lt;li onclick="toggle('pre4484114112', 'post4484114112')"&gt;&lt;pre&gt;        with self.db.wrap_database_errors:&lt;/pre&gt;&lt;/li&gt;
                
                  &lt;li onclick="toggle('pre4484114112', 'post4484114112')"&gt;&lt;pre&gt;            if params is None:&lt;/pre&gt;&lt;/li&gt;
                
                  &lt;li onclick="toggle('pre4484114112', 'post4484114112')"&gt;&lt;pre&gt;                # params default might be backend specific.&lt;/pre&gt;&lt;/li&gt;
                
                  &lt;li onclick="toggle('pre4484114112', 'post4484114112')"&gt;&lt;pre&gt;                return self.cursor.execute(sql)&lt;/pre&gt;&lt;/li&gt;
                
                  &lt;li onclick="toggle('pre4484114112', 'post4484114112')"&gt;&lt;pre&gt;            else:&lt;/pre&gt;&lt;/li&gt;
                
                &lt;/ol&gt;
              
              &lt;ol start="105" class="context-line"&gt;
                &lt;li onclick="toggle('pre4484114112', 'post4484114112')"&gt;&lt;pre&gt;                return self.cursor.execute(sql, params)&lt;/pre&gt; &lt;span&gt;…&lt;/span&gt;&lt;/li&gt;
              &lt;/ol&gt;
              
                &lt;ol start='106' class="post-context" id="post4484114112"&gt;
                  
                  &lt;li onclick="toggle('pre4484114112', 'post4484114112')"&gt;&lt;pre&gt;&lt;/pre&gt;&lt;/li&gt;
                  
                  &lt;li onclick="toggle('pre4484114112', 'post4484114112')"&gt;&lt;pre&gt;    def _executemany(self, sql, param_list, *ignored_wrapper_args):&lt;/pre&gt;&lt;/li&gt;
                  
                  &lt;li onclick="toggle('pre4484114112', 'post4484114112')"&gt;&lt;pre&gt;        # Raise a warning during app initialization (stored_app_configs is only&lt;/pre&gt;&lt;/li&gt;
                  
                  &lt;li onclick="toggle('pre4484114112', 'post4484114112')"&gt;&lt;pre&gt;        # ever set during testing).&lt;/pre&gt;&lt;/li&gt;
                  
                  &lt;li onclick="toggle('pre4484114112', 'post4484114112')"&gt;&lt;pre&gt;        if not apps.ready and not apps.stored_app_configs:&lt;/pre&gt;&lt;/li&gt;
                  
                  &lt;li onclick="toggle('pre4484114112', 'post4484114112')"&gt;&lt;pre&gt;            warnings.warn(self.APPS_NOT_READY_WARNING_MSG, category=RuntimeWarning)&lt;/pre&gt;&lt;/li&gt;
                  
              &lt;/ol&gt;
              
            &lt;/div&gt;
          

          
            
              &lt;details&gt;
                &lt;summary class="commands"&gt;Local vars&lt;/summary&gt;
            
            &lt;table class="vars" id="v4484114112"&gt;
              &lt;thead&gt;
                &lt;tr&gt;
                  &lt;th scope="col"&gt;Variable&lt;/th&gt;
                  &lt;th scope="col"&gt;Value&lt;/th&gt;
                &lt;/tr&gt;
              &lt;/thead&gt;
              &lt;tbody&gt;
                
                  &lt;tr&gt;
                    &lt;td&gt;ignored_wrapper_args&lt;/td&gt;
                    &lt;td class="code"&gt;&lt;pre&gt;(False,
 {&amp;#x27;connection&amp;#x27;: &amp;lt;DatabaseWrapper vendor=&amp;#x27;postgresql&amp;#x27; alias=&amp;#x27;default&amp;#x27;&amp;gt;,
  &amp;#x27;cursor&amp;#x27;: &amp;lt;django.db.backends.postgresql.base.CursorDebugWrapper object at 0x10b40e7a0&amp;gt;})&lt;/pre&gt;&lt;/td&gt;
                  &lt;/tr&gt;
                
                  &lt;tr&gt;
                    &lt;td&gt;params&lt;/td&gt;
                    &lt;td class="code"&gt;&lt;pre&gt;(&amp;#x27;pbkdf2_sha256$870000$exlVjJ7VRFdzqzAXY3OGu8$IvrY7UD9VjGdVlLMcLeF7Z+PSdV48/EPOmSzlSZjoHk=&amp;#x27;,
 None,
 False,
 &amp;#x27;customer2&amp;#x27;,
 &amp;#x27;&amp;#x27;,
 &amp;#x27;&amp;#x27;,
 &amp;#x27;customer1@example.com&amp;#x27;,
 False,
 True,
 datetime.datetime(2024, 9, 22, 17, 58, 58, 160494, tzinfo=datetime.timezone.utc),
 &amp;#x27;customer&amp;#x27;)&lt;/pre&gt;&lt;/td&gt;
                  &lt;/tr&gt;
                
                  &lt;tr&gt;
                    &lt;td&gt;self&lt;/td&gt;
                    &lt;td class="code"&gt;&lt;pre&gt;&amp;lt;django.db.backends.postgresql.base.CursorDebugWrapper object at 0x10b40e7a0&amp;gt;&lt;/pre&gt;&lt;/td&gt;
                  &lt;/tr&gt;
                
                  &lt;tr&gt;
                    &lt;td&gt;sql&lt;/td&gt;
                    &lt;td class="code"&gt;&lt;pre&gt;(&amp;#x27;INSERT INTO &amp;quot;authentication_user&amp;quot; (&amp;quot;password&amp;quot;, &amp;quot;last_login&amp;quot;, &amp;quot;is_superuser&amp;quot;, &amp;#x27;
 &amp;#x27;&amp;quot;username&amp;quot;, &amp;quot;first_name&amp;quot;, &amp;quot;last_name&amp;quot;, &amp;quot;email&amp;quot;, &amp;quot;is_staff&amp;quot;, &amp;quot;is_active&amp;quot;, &amp;#x27;
 &amp;#x27;&amp;quot;date_joined&amp;quot;, &amp;quot;role&amp;quot;) VALUES (%s, %s, %s, %s, %s, %s, %s, %s, %s, %s, %s) &amp;#x27;
 &amp;#x27;RETURNING &amp;quot;authentication_user&amp;quot;.&amp;quot;id&amp;quot;&amp;#x27;)&lt;/pre&gt;&lt;/td&gt;
                  &lt;/tr&gt;
                
              &lt;/tbody&gt;
            &lt;/table&gt;
            &lt;/details&gt;
          
        &lt;/li&gt;
      
        
          &lt;li class="cause"&gt;&lt;h3&gt;
          
            The above exception (duplicate key value violates unique constraint &amp;quot;authentication_user_username_key&amp;quot;
DETAIL:  Key (username)=(customer2) already exists.
) was the direct cause of the following exception:
          
        &lt;/h3&gt;&lt;/li&gt;
        
        &lt;li class="frame user"&gt;
          
            &lt;code class="fname"&gt;/Users/alanalrechah/Desktop/Projects/energy-billing-platform/apps/authentication/repositories/UserRepository.py&lt;/code&gt;, line 40, in create_user
          

          
            &lt;div class="context" id="c4484062912"&gt;
              
                &lt;ol start="33" class="pre-context" id="pre4484062912"&gt;
                
                  &lt;li onclick="toggle('pre4484062912', 'post4484062912')"&gt;&lt;pre&gt;        Returns:&lt;/pre&gt;&lt;/li&gt;
                
                  &lt;li onclick="toggle('pre4484062912', 'post4484062912')"&gt;&lt;pre&gt;            User: The created user object.&lt;/pre&gt;&lt;/li&gt;
                
                  &lt;li onclick="toggle('pre4484062912', 'post4484062912')"&gt;&lt;pre&gt;&lt;/pre&gt;&lt;/li&gt;
                
                  &lt;li onclick="toggle('pre4484062912', 'post4484062912')"&gt;&lt;pre&gt;        Raises:&lt;/pre&gt;&lt;/li&gt;
                
                  &lt;li onclick="toggle('pre4484062912', 'post4484062912')"&gt;&lt;pre&gt;            IntegrityError: If a user with the given username already exists.&lt;/pre&gt;&lt;/li&gt;
                
                  &lt;li onclick="toggle('pre4484062912', 'post4484062912')"&gt;&lt;pre&gt;        &amp;quot;&amp;quot;&amp;quot;&lt;/pre&gt;&lt;/li&gt;
                
                  &lt;li onclick="toggle('pre4484062912', 'post4484062912')"&gt;&lt;pre&gt;        try:&lt;/pre&gt;&lt;/li&gt;
                
                &lt;/ol&gt;
              
              &lt;ol start="40" class="context-line"&gt;
                &lt;li onclick="toggle('pre4484062912', 'post4484062912')"&gt;&lt;pre&gt;            user: User = self.user_model.objects.create_user(&lt;/pre&gt; &lt;span&gt;…&lt;/span&gt;&lt;/li&gt;
              &lt;/ol&gt;
              
                &lt;ol start='41' class="post-context" id="post4484062912"&gt;
                  
                  &lt;li onclick="toggle('pre4484062912', 'post4484062912')"&gt;&lt;pre&gt;                username=username,&lt;/pre&gt;&lt;/li&gt;
                  
                  &lt;li onclick="toggle('pre4484062912', 'post4484062912')"&gt;&lt;pre&gt;                password=password,&lt;/pre&gt;&lt;/li&gt;
                  
                  &lt;li onclick="toggle('pre4484062912', 'post4484062912')"&gt;&lt;pre&gt;                email=email,&lt;/pre&gt;&lt;/li&gt;
                  
                  &lt;li onclick="toggle('pre4484062912', 'post4484062912')"&gt;&lt;pre&gt;                **extra_fields&lt;/pre&gt;&lt;/li&gt;
                  
                  &lt;li onclick="toggle('pre4484062912', 'post4484062912')"&gt;&lt;pre&gt;            )&lt;/pre&gt;&lt;/li&gt;
                  
                  &lt;li onclick="toggle('pre4484062912', 'post4484062912')"&gt;&lt;pre&gt;            return user&lt;/pre&gt;&lt;/li&gt;
                  
              &lt;/ol&gt;
              
            &lt;/div&gt;
          

          
            
              &lt;details&gt;
                &lt;summary class="commands"&gt;Local vars&lt;/summary&gt;
            
            &lt;table class="vars" id="v4484062912"&gt;
              &lt;thead&gt;
                &lt;tr&gt;
                  &lt;th scope="col"&gt;Variable&lt;/th&gt;
                  &lt;th scope="col"&gt;Value&lt;/th&gt;
                &lt;/tr&gt;
              &lt;/thead&gt;
              &lt;tbody&gt;
                
                  &lt;tr&gt;
                    &lt;td&gt;email&lt;/td&gt;
                    &lt;td class="code"&gt;&lt;pre&gt;&amp;#x27;customer1@example.com&amp;#x27;&lt;/pre&gt;&lt;/td&gt;
                  &lt;/tr&gt;
                
                  &lt;tr&gt;
                    &lt;td&gt;extra_fields&lt;/td&gt;
                    &lt;td class="code"&gt;&lt;pre&gt;{}&lt;/pre&gt;&lt;/td&gt;
                  &lt;/tr&gt;
                
                  &lt;tr&gt;
                    &lt;td&gt;password&lt;/td&gt;
                    &lt;td class="code"&gt;&lt;pre&gt;&amp;#x27;password123&amp;#x27;&lt;/pre&gt;&lt;/td&gt;
                  &lt;/tr&gt;
                
                  &lt;tr&gt;
                    &lt;td&gt;self&lt;/td&gt;
                    &lt;td class="code"&gt;&lt;pre&gt;&amp;lt;apps.authentication.repositories.UserRepository.UserRepository object at 0x10b40d960&amp;gt;&lt;/pre&gt;&lt;/td&gt;
                  &lt;/tr&gt;
                
                  &lt;tr&gt;
                    &lt;td&gt;username&lt;/td&gt;
                    &lt;td class="code"&gt;&lt;pre&gt;&amp;#x27;customer2&amp;#x27;&lt;/pre&gt;&lt;/td&gt;
                  &lt;/tr&gt;
                
              &lt;/tbody&gt;
            &lt;/table&gt;
            &lt;/details&gt;
          
        &lt;/li&gt;
      
        
        &lt;li class="frame django"&gt;
          
            &lt;code class="fname"&gt;/Users/alanalrechah/Desktop/Projects/energy-billing-platform/venv/lib/python3.10/site-packages/django/contrib/auth/models.py&lt;/code&gt;, line 162, in create_user
          

          
            &lt;div class="context" id="c4484063232"&gt;
              
                &lt;ol start="155" class="pre-context" id="pre4484063232"&gt;
                
                  &lt;li onclick="toggle('pre4484063232', 'post4484063232')"&gt;&lt;pre&gt;        user.password = make_password(password)&lt;/pre&gt;&lt;/li&gt;
                
                  &lt;li onclick="toggle('pre4484063232', 'post4484063232')"&gt;&lt;pre&gt;        user.save(using=self._db)&lt;/pre&gt;&lt;/li&gt;
                
                  &lt;li onclick="toggle('pre4484063232', 'post4484063232')"&gt;&lt;pre&gt;        return user&lt;/pre&gt;&lt;/li&gt;
                
                  &lt;li onclick="toggle('pre4484063232', 'post4484063232')"&gt;&lt;pre&gt;&lt;/pre&gt;&lt;/li&gt;
                
                  &lt;li onclick="toggle('pre4484063232', 'post4484063232')"&gt;&lt;pre&gt;    def create_user(self, username, email=None, password=None, **extra_fields):&lt;/pre&gt;&lt;/li&gt;
                
                  &lt;li onclick="toggle('pre4484063232', 'post4484063232')"&gt;&lt;pre&gt;        extra_fields.setdefault(&amp;quot;is_staff&amp;quot;, False)&lt;/pre&gt;&lt;/li&gt;
                
                  &lt;li onclick="toggle('pre4484063232', 'post4484063232')"&gt;&lt;pre&gt;        extra_fields.setdefault(&amp;quot;is_superuser&amp;quot;, False)&lt;/pre&gt;&lt;/li&gt;
                
                &lt;/ol&gt;
              
              &lt;ol start="162" class="context-line"&gt;
                &lt;li onclick="toggle('pre4484063232', 'post4484063232')"&gt;&lt;pre&gt;        return self._create_user(username, email, password, **extra_fields)&lt;/pre&gt; &lt;span&gt;…&lt;/span&gt;&lt;/li&gt;
              &lt;/ol&gt;
              
                &lt;ol start='163' class="post-context" id="post4484063232"&gt;
                  
                  &lt;li onclick="toggle('pre4484063232', 'post4484063232')"&gt;&lt;pre&gt;&lt;/pre&gt;&lt;/li&gt;
                  
                  &lt;li onclick="toggle('pre4484063232', 'post4484063232')"&gt;&lt;pre&gt;    def create_superuser(self, username, email=None, password=None, **extra_fields):&lt;/pre&gt;&lt;/li&gt;
                  
                  &lt;li onclick="toggle('pre4484063232', 'post4484063232')"&gt;&lt;pre&gt;        extra_fields.setdefault(&amp;quot;is_staff&amp;quot;, True)&lt;/pre&gt;&lt;/li&gt;
                  
                  &lt;li onclick="toggle('pre4484063232', 'post4484063232')"&gt;&lt;pre&gt;        extra_fields.setdefault(&amp;quot;is_superuser&amp;quot;, True)&lt;/pre&gt;&lt;/li&gt;
                  
                  &lt;li onclick="toggle('pre4484063232', 'post4484063232')"&gt;&lt;pre&gt;&lt;/pre&gt;&lt;/li&gt;
                  
                  &lt;li onclick="toggle('pre4484063232', 'post4484063232')"&gt;&lt;pre&gt;        if extra_fields.get(&amp;quot;is_staff&amp;quot;) is not True:&lt;/pre&gt;&lt;/li&gt;
                  
              &lt;/ol&gt;
              
            &lt;/div&gt;
          

          
            
              &lt;details&gt;
                &lt;summary class="commands"&gt;Local vars&lt;/summary&gt;
            
            &lt;table class="vars" id="v4484063232"&gt;
              &lt;thead&gt;
                &lt;tr&gt;
                  &lt;th scope="col"&gt;Variable&lt;/th&gt;
                  &lt;th scope="col"&gt;Value&lt;/th&gt;
                &lt;/tr&gt;
              &lt;/thead&gt;
              &lt;tbody&gt;
                
                  &lt;tr&gt;
                    &lt;td&gt;email&lt;/td&gt;
                    &lt;td class="code"&gt;&lt;pre&gt;&amp;#x27;customer1@example.com&amp;#x27;&lt;/pre&gt;&lt;/td&gt;
                  &lt;/tr&gt;
                
                  &lt;tr&gt;
                    &lt;td&gt;extra_fields&lt;/td&gt;
                    &lt;td class="code"&gt;&lt;pre&gt;{&amp;#x27;is_staff&amp;#x27;: False, &amp;#x27;is_superuser&amp;#x27;: False}&lt;/pre&gt;&lt;/td&gt;
                  &lt;/tr&gt;
                
                  &lt;tr&gt;
                    &lt;td&gt;password&lt;/td&gt;
                    &lt;td class="code"&gt;&lt;pre&gt;&amp;#x27;password123&amp;#x27;&lt;/pre&gt;&lt;/td&gt;
                  &lt;/tr&gt;
                
                  &lt;tr&gt;
                    &lt;td&gt;self&lt;/td&gt;
                    &lt;td class="code"&gt;&lt;pre&gt;&amp;lt;django.contrib.auth.models.UserManager object at 0x10a92ad40&amp;gt;&lt;/pre&gt;&lt;/td&gt;
                  &lt;/tr&gt;
                
                  &lt;tr&gt;
                    &lt;td&gt;username&lt;/td&gt;
                    &lt;td class="code"&gt;&lt;pre&gt;&amp;#x27;customer2&amp;#x27;&lt;/pre&gt;&lt;/td&gt;
                  &lt;/tr&gt;
                
              &lt;/tbody&gt;
            &lt;/table&gt;
            &lt;/details&gt;
          
        &lt;/li&gt;
      
        
        &lt;li class="frame django"&gt;
          
            &lt;code class="fname"&gt;/Users/alanalrechah/Desktop/Projects/energy-billing-platform/venv/lib/python3.10/site-packages/django/contrib/auth/models.py&lt;/code&gt;, line 156, in _create_user
          

          
            &lt;div class="context" id="c4484065472"&gt;
              
                &lt;ol start="149" class="pre-context" id="pre4484065472"&gt;
                
                  &lt;li onclick="toggle('pre4484065472', 'post4484065472')"&gt;&lt;pre&gt;        # managers are by definition working on the real model.&lt;/pre&gt;&lt;/li&gt;
                
                  &lt;li onclick="toggle('pre4484065472', 'post4484065472')"&gt;&lt;pre&gt;        GlobalUserModel = apps.get_model(&lt;/pre&gt;&lt;/li&gt;
                
                  &lt;li onclick="toggle('pre4484065472', 'post4484065472')"&gt;&lt;pre&gt;            self.model._meta.app_label, self.model._meta.object_name&lt;/pre&gt;&lt;/li&gt;
                
                  &lt;li onclick="toggle('pre4484065472', 'post4484065472')"&gt;&lt;pre&gt;        )&lt;/pre&gt;&lt;/li&gt;
                
                  &lt;li onclick="toggle('pre4484065472', 'post4484065472')"&gt;&lt;pre&gt;        username = GlobalUserModel.normalize_username(username)&lt;/pre&gt;&lt;/li&gt;
                
                  &lt;li onclick="toggle('pre4484065472', 'post4484065472')"&gt;&lt;pre&gt;        user = self.model(username=username, email=email, **extra_fields)&lt;/pre&gt;&lt;/li&gt;
                
                  &lt;li onclick="toggle('pre4484065472', 'post4484065472')"&gt;&lt;pre&gt;        user.password = make_password(password)&lt;/pre&gt;&lt;/li&gt;
                
                &lt;/ol&gt;
              
              &lt;ol start="156" class="context-line"&gt;
                &lt;li onclick="toggle('pre4484065472', 'post4484065472')"&gt;&lt;pre&gt;        user.save(using=self._db)&lt;/pre&gt; &lt;span&gt;…&lt;/span&gt;&lt;/li&gt;
              &lt;/ol&gt;
              
                &lt;ol start='157' class="post-context" id="post4484065472"&gt;
                  
                  &lt;li onclick="toggle('pre4484065472', 'post4484065472')"&gt;&lt;pre&gt;        return user&lt;/pre&gt;&lt;/li&gt;
                  
                  &lt;li onclick="toggle('pre4484065472', 'post4484065472')"&gt;&lt;pre&gt;&lt;/pre&gt;&lt;/li&gt;
                  
                  &lt;li onclick="toggle('pre4484065472', 'post4484065472')"&gt;&lt;pre&gt;    def create_user(self, username, email=None, password=None, **extra_fields):&lt;/pre&gt;&lt;/li&gt;
                  
                  &lt;li onclick="toggle('pre4484065472', 'post4484065472')"&gt;&lt;pre&gt;        extra_fields.setdefault(&amp;quot;is_staff&amp;quot;, False)&lt;/pre&gt;&lt;/li&gt;
                  
                  &lt;li onclick="toggle('pre4484065472', 'post4484065472')"&gt;&lt;pre&gt;        extra_fields.setdefault(&amp;quot;is_superuser&amp;quot;, False)&lt;/pre&gt;&lt;/li&gt;
                  
                  &lt;li onclick="toggle('pre4484065472', 'post4484065472')"&gt;&lt;pre&gt;        return self._create_user(username, email, password, **extra_fields)&lt;/pre&gt;&lt;/li&gt;
                  
              &lt;/ol&gt;
              
            &lt;/div&gt;
          

          
            
              &lt;details&gt;
                &lt;summary class="commands"&gt;Local vars&lt;/summary&gt;
            
            &lt;table class="vars" id="v4484065472"&gt;
              &lt;thead&gt;
                &lt;tr&gt;
                  &lt;th scope="col"&gt;Variable&lt;/th&gt;
                  &lt;th scope="col"&gt;Value&lt;/th&gt;
                &lt;/tr&gt;
              &lt;/thead&gt;
              &lt;tbody&gt;
                
                  &lt;tr&gt;
                    &lt;td&gt;GlobalUserModel&lt;/td&gt;
                    &lt;td class="code"&gt;&lt;pre&gt;&amp;lt;class &amp;#x27;apps.authentication.models.UserModel.User&amp;#x27;&amp;gt;&lt;/pre&gt;&lt;/td&gt;
                  &lt;/tr&gt;
                
                  &lt;tr&gt;
                    &lt;td&gt;email&lt;/td&gt;
                    &lt;td class="code"&gt;&lt;pre&gt;&amp;#x27;customer1@example.com&amp;#x27;&lt;/pre&gt;&lt;/td&gt;
                  &lt;/tr&gt;
                
                  &lt;tr&gt;
                    &lt;td&gt;extra_fields&lt;/td&gt;
                    &lt;td class="code"&gt;&lt;pre&gt;{&amp;#x27;is_staff&amp;#x27;: False, &amp;#x27;is_superuser&amp;#x27;: False}&lt;/pre&gt;&lt;/td&gt;
                  &lt;/tr&gt;
                
                  &lt;tr&gt;
                    &lt;td&gt;password&lt;/td&gt;
                    &lt;td class="code"&gt;&lt;pre&gt;&amp;#x27;password123&amp;#x27;&lt;/pre&gt;&lt;/td&gt;
                  &lt;/tr&gt;
                
                  &lt;tr&gt;
                    &lt;td&gt;self&lt;/td&gt;
                    &lt;td class="code"&gt;&lt;pre&gt;&amp;lt;django.contrib.auth.models.UserManager object at 0x10a92ad40&amp;gt;&lt;/pre&gt;&lt;/td&gt;
                  &lt;/tr&gt;
                
                  &lt;tr&gt;
                    &lt;td&gt;user&lt;/td&gt;
                    &lt;td class="code"&gt;&lt;pre&gt;&amp;lt;User: customer2&amp;gt;&lt;/pre&gt;&lt;/td&gt;
                  &lt;/tr&gt;
                
                  &lt;tr&gt;
                    &lt;td&gt;username&lt;/td&gt;
                    &lt;td class="code"&gt;&lt;pre&gt;&amp;#x27;customer2&amp;#x27;&lt;/pre&gt;&lt;/td&gt;
                  &lt;/tr&gt;
                
              &lt;/tbody&gt;
            &lt;/table&gt;
            &lt;/details&gt;
          
        &lt;/li&gt;
      
        
        &lt;li class="frame user"&gt;
          
            &lt;code class="fname"&gt;/Users/alanalrechah/Desktop/Projects/energy-billing-platform/apps/authentication/models/UserModel.py&lt;/code&gt;, line 19, in save
          

          
            &lt;div class="context" id="c4484066752"&gt;
              
                &lt;ol start="12" class="pre-context" id="pre4484066752"&gt;
                
                  &lt;li onclick="toggle('pre4484066752', 'post4484066752')"&gt;&lt;pre&gt;    role = models.CharField(max_length=10, choices=ROLE_CHOICES, default=&amp;#x27;customer&amp;#x27;)&lt;/pre&gt;&lt;/li&gt;
                
                  &lt;li onclick="toggle('pre4484066752', 'post4484066752')"&gt;&lt;pre&gt;&lt;/pre&gt;&lt;/li&gt;
                
                  &lt;li onclick="toggle('pre4484066752', 'post4484066752')"&gt;&lt;pre&gt;    def save(self, *args, **kwargs):&lt;/pre&gt;&lt;/li&gt;
                
                  &lt;li onclick="toggle('pre4484066752', 'post4484066752')"&gt;&lt;pre&gt;        # Ensure that users with the &amp;#x27;admin&amp;#x27; role have admin privileges&lt;/pre&gt;&lt;/li&gt;
                
                  &lt;li onclick="toggle('pre4484066752', 'post4484066752')"&gt;&lt;pre&gt;        if self.role == &amp;#x27;admin&amp;#x27;:&lt;/pre&gt;&lt;/li&gt;
                
                  &lt;li onclick="toggle('pre4484066752', 'post4484066752')"&gt;&lt;pre&gt;            self.is_staff = True&lt;/pre&gt;&lt;/li&gt;
                
                  &lt;li onclick="toggle('pre4484066752', 'post4484066752')"&gt;&lt;pre&gt;            self.is_superuser = True  # You can adjust this depending on your admin logic&lt;/pre&gt;&lt;/li&gt;
                
                &lt;/ol&gt;
              
              &lt;ol start="19" class="context-line"&gt;
                &lt;li onclick="toggle('pre4484066752', 'post4484066752')"&gt;&lt;pre&gt;        super().save(*args, **kwargs)&lt;/pre&gt; &lt;span&gt;…&lt;/span&gt;&lt;/li&gt;
              &lt;/ol&gt;
              
            &lt;/div&gt;
          

          
            
              &lt;details&gt;
                &lt;summary class="commands"&gt;Local vars&lt;/summary&gt;
            
            &lt;table class="vars" id="v4484066752"&gt;
              &lt;thead&gt;
                &lt;tr&gt;
                  &lt;th scope="col"&gt;Variable&lt;/th&gt;
                  &lt;th scope="col"&gt;Value&lt;/th&gt;
                &lt;/tr&gt;
              &lt;/thead&gt;
              &lt;tbody&gt;
                
                  &lt;tr&gt;
                    &lt;td&gt;__class__&lt;/td&gt;
                    &lt;td class="code"&gt;&lt;pre&gt;&amp;lt;class &amp;#x27;apps.authentication.models.UserModel.User&amp;#x27;&amp;gt;&lt;/pre&gt;&lt;/td&gt;
                  &lt;/tr&gt;
                
                  &lt;tr&gt;
                    &lt;td&gt;args&lt;/td&gt;
                    &lt;td class="code"&gt;&lt;pre&gt;()&lt;/pre&gt;&lt;/td&gt;
                  &lt;/tr&gt;
                
                  &lt;tr&gt;
                    &lt;td&gt;kwargs&lt;/td&gt;
                    &lt;td class="code"&gt;&lt;pre&gt;{&amp;#x27;using&amp;#x27;: None}&lt;/pre&gt;&lt;/td&gt;
                  &lt;/tr&gt;
                
                  &lt;tr&gt;
                    &lt;td&gt;self&lt;/td&gt;
                    &lt;td class="code"&gt;&lt;pre&gt;&amp;lt;User: customer2&amp;gt;&lt;/pre&gt;&lt;/td&gt;
                  &lt;/tr&gt;
                
              &lt;/tbody&gt;
            &lt;/table&gt;
            &lt;/details&gt;
          
        &lt;/li&gt;
      
        
        &lt;li class="frame django"&gt;
          
            &lt;code class="fname"&gt;/Users/alanalrechah/Desktop/Projects/energy-billing-platform/venv/lib/python3.10/site-packages/django/contrib/auth/base_user.py&lt;/code&gt;, line 62, in save
          

          
            &lt;div class="context" id="c4484066368"&gt;
              
                &lt;ol start="55" class="pre-context" id="pre4484066368"&gt;
                
                  &lt;li onclick="toggle('pre4484066368', 'post4484066368')"&gt;&lt;pre&gt;    def __str__(self):&lt;/pre&gt;&lt;/li&gt;
                
                  &lt;li onclick="toggle('pre4484066368', 'post4484066368')"&gt;&lt;pre&gt;        return self.get_username()&lt;/pre&gt;&lt;/li&gt;
                
                  &lt;li onclick="toggle('pre4484066368', 'post4484066368')"&gt;&lt;pre&gt;&lt;/pre&gt;&lt;/li&gt;
                
                  &lt;li onclick="toggle('pre4484066368', 'post4484066368')"&gt;&lt;pre&gt;    # RemovedInDjango60Warning: When the deprecation ends, replace with:&lt;/pre&gt;&lt;/li&gt;
                
                  &lt;li onclick="toggle('pre4484066368', 'post4484066368')"&gt;&lt;pre&gt;    # def save(self, **kwargs):&lt;/pre&gt;&lt;/li&gt;
                
                  &lt;li onclick="toggle('pre4484066368', 'post4484066368')"&gt;&lt;pre&gt;    #   super().save(**kwargs)&lt;/pre&gt;&lt;/li&gt;
                
                  &lt;li onclick="toggle('pre4484066368', 'post4484066368')"&gt;&lt;pre&gt;    def save(self, *args, **kwargs):&lt;/pre&gt;&lt;/li&gt;
                
                &lt;/ol&gt;
              
              &lt;ol start="62" class="context-line"&gt;
                &lt;li onclick="toggle('pre4484066368', 'post4484066368')"&gt;&lt;pre&gt;        super().save(*args, **kwargs)&lt;/pre&gt; &lt;span&gt;…&lt;/span&gt;&lt;/li&gt;
              &lt;/ol&gt;
              
                &lt;ol start='63' class="post-context" id="post4484066368"&gt;
                  
                  &lt;li onclick="toggle('pre4484066368', 'post4484066368')"&gt;&lt;pre&gt;        if self._password is not None:&lt;/pre&gt;&lt;/li&gt;
                  
                  &lt;li onclick="toggle('pre4484066368', 'post4484066368')"&gt;&lt;pre&gt;            password_validation.password_changed(self._password, self)&lt;/pre&gt;&lt;/li&gt;
                  
                  &lt;li onclick="toggle('pre4484066368', 'post4484066368')"&gt;&lt;pre&gt;            self._password = None&lt;/pre&gt;&lt;/li&gt;
                  
                  &lt;li onclick="toggle('pre4484066368', 'post4484066368')"&gt;&lt;pre&gt;&lt;/pre&gt;&lt;/li&gt;
                  
                  &lt;li onclick="toggle('pre4484066368', 'post4484066368')"&gt;&lt;pre&gt;    def get_username(self):&lt;/pre&gt;&lt;/li&gt;
                  
                  &lt;li onclick="toggle('pre4484066368', 'post4484066368')"&gt;&lt;pre&gt;        &amp;quot;&amp;quot;&amp;quot;Return the username for this User.&amp;quot;&amp;quot;&amp;quot;&lt;/pre&gt;&lt;/li&gt;
                  
              &lt;/ol&gt;
              
            &lt;/div&gt;
          

          
            
              &lt;details&gt;
                &lt;summary class="commands"&gt;Local vars&lt;/summary&gt;
            
            &lt;table class="vars" id="v4484066368"&gt;
              &lt;thead&gt;
                &lt;tr&gt;
                  &lt;th scope="col"&gt;Variable&lt;/th&gt;
                  &lt;th scope="col"&gt;Value&lt;/th&gt;
                &lt;/tr&gt;
              &lt;/thead&gt;
              &lt;tbody&gt;
                
                  &lt;tr&gt;
                    &lt;td&gt;__class__&lt;/td&gt;
                    &lt;td class="code"&gt;&lt;pre&gt;&amp;lt;class &amp;#x27;django.contrib.auth.base_user.AbstractBaseUser&amp;#x27;&amp;gt;&lt;/pre&gt;&lt;/td&gt;
                  &lt;/tr&gt;
                
                  &lt;tr&gt;
                    &lt;td&gt;args&lt;/td&gt;
                    &lt;td class="code"&gt;&lt;pre&gt;()&lt;/pre&gt;&lt;/td&gt;
                  &lt;/tr&gt;
                
                  &lt;tr&gt;
                    &lt;td&gt;kwargs&lt;/td&gt;
                    &lt;td class="code"&gt;&lt;pre&gt;{&amp;#x27;using&amp;#x27;: None}&lt;/pre&gt;&lt;/td&gt;
                  &lt;/tr&gt;
                
                  &lt;tr&gt;
                    &lt;td&gt;self&lt;/td&gt;
                    &lt;td class="code"&gt;&lt;pre&gt;&amp;lt;User: customer2&amp;gt;&lt;/pre&gt;&lt;/td&gt;
                  &lt;/tr&gt;
                
              &lt;/tbody&gt;
            &lt;/table&gt;
            &lt;/details&gt;
          
        &lt;/li&gt;
      
        
        &lt;li class="frame django"&gt;
          
            &lt;code class="fname"&gt;/Users/alanalrechah/Desktop/Projects/energy-billing-platform/venv/lib/python3.10/site-packages/django/db/models/base.py&lt;/code&gt;, line 891, in save
          

          
            &lt;div class="context" id="c4482077824"&gt;
              
                &lt;ol start="884" class="pre-context" id="pre4482077824"&gt;
                
                  &lt;li onclick="toggle('pre4482077824', 'post4482077824')"&gt;&lt;pre&gt;            for field in self._meta.concrete_fields:&lt;/pre&gt;&lt;/li&gt;
                
                  &lt;li onclick="toggle('pre4482077824', 'post4482077824')"&gt;&lt;pre&gt;                if not field.primary_key and not hasattr(field, &amp;quot;through&amp;quot;):&lt;/pre&gt;&lt;/li&gt;
                
                  &lt;li onclick="toggle('pre4482077824', 'post4482077824')"&gt;&lt;pre&gt;                    field_names.add(field.attname)&lt;/pre&gt;&lt;/li&gt;
                
                  &lt;li onclick="toggle('pre4482077824', 'post4482077824')"&gt;&lt;pre&gt;            loaded_fields = field_names.difference(deferred_non_generated_fields)&lt;/pre&gt;&lt;/li&gt;
                
                  &lt;li onclick="toggle('pre4482077824', 'post4482077824')"&gt;&lt;pre&gt;            if loaded_fields:&lt;/pre&gt;&lt;/li&gt;
                
                  &lt;li onclick="toggle('pre4482077824', 'post4482077824')"&gt;&lt;pre&gt;                update_fields = frozenset(loaded_fields)&lt;/pre&gt;&lt;/li&gt;
                
                  &lt;li onclick="toggle('pre4482077824', 'post4482077824')"&gt;&lt;pre&gt;&lt;/pre&gt;&lt;/li&gt;
                
                &lt;/ol&gt;
              
              &lt;ol start="891" class="context-line"&gt;
                &lt;li onclick="toggle('pre4482077824', 'post4482077824')"&gt;&lt;pre&gt;        self.save_base(&lt;/pre&gt; &lt;span&gt;…&lt;/span&gt;&lt;/li&gt;
              &lt;/ol&gt;
              
                &lt;ol start='892' class="post-context" id="post4482077824"&gt;
                  
                  &lt;li onclick="toggle('pre4482077824', 'post4482077824')"&gt;&lt;pre&gt;            using=using,&lt;/pre&gt;&lt;/li&gt;
                  
                  &lt;li onclick="toggle('pre4482077824', 'post4482077824')"&gt;&lt;pre&gt;            force_insert=force_insert,&lt;/pre&gt;&lt;/li&gt;
                  
                  &lt;li onclick="toggle('pre4482077824', 'post4482077824')"&gt;&lt;pre&gt;            force_update=force_update,&lt;/pre&gt;&lt;/li&gt;
                  
                  &lt;li onclick="toggle('pre4482077824', 'post4482077824')"&gt;&lt;pre&gt;            update_fields=update_fields,&lt;/pre&gt;&lt;/li&gt;
                  
                  &lt;li onclick="toggle('pre4482077824', 'post4482077824')"&gt;&lt;pre&gt;        )&lt;/pre&gt;&lt;/li&gt;
                  
                  &lt;li onclick="toggle('pre4482077824', 'post4482077824')"&gt;&lt;pre&gt;&lt;/pre&gt;&lt;/li&gt;
                  
              &lt;/ol&gt;
              
            &lt;/div&gt;
          

          
            
              &lt;details&gt;
                &lt;summary class="commands"&gt;Local vars&lt;/summary&gt;
            
            &lt;table class="vars" id="v4482077824"&gt;
              &lt;thead&gt;
                &lt;tr&gt;
                  &lt;th scope="col"&gt;Variable&lt;/th&gt;
                  &lt;th scope="col"&gt;Value&lt;/th&gt;
                &lt;/tr&gt;
              &lt;/thead&gt;
              &lt;tbody&gt;
                
                  &lt;tr&gt;
                    &lt;td&gt;args&lt;/td&gt;
                    &lt;td class="code"&gt;&lt;pre&gt;()&lt;/pre&gt;&lt;/td&gt;
                  &lt;/tr&gt;
                
                  &lt;tr&gt;
                    &lt;td&gt;deferred_non_generated_fields&lt;/td&gt;
                    &lt;td class="code"&gt;&lt;pre&gt;set()&lt;/pre&gt;&lt;/td&gt;
                  &lt;/tr&gt;
                
                  &lt;tr&gt;
                    &lt;td&gt;force_insert&lt;/td&gt;
                    &lt;td class="code"&gt;&lt;pre&gt;False&lt;/pre&gt;&lt;/td&gt;
                  &lt;/tr&gt;
                
                  &lt;tr&gt;
                    &lt;td&gt;force_update&lt;/td&gt;
                    &lt;td class="code"&gt;&lt;pre&gt;False&lt;/pre&gt;&lt;/td&gt;
                  &lt;/tr&gt;
                
                  &lt;tr&gt;
                    &lt;td&gt;self&lt;/td&gt;
                    &lt;td class="code"&gt;&lt;pre&gt;&amp;lt;User: customer2&amp;gt;&lt;/pre&gt;&lt;/td&gt;
                  &lt;/tr&gt;
                
                  &lt;tr&gt;
                    &lt;td&gt;update_fields&lt;/td&gt;
                    &lt;td class="code"&gt;&lt;pre&gt;None&lt;/pre&gt;&lt;/td&gt;
                  &lt;/tr&gt;
                
                  &lt;tr&gt;
                    &lt;td&gt;using&lt;/td&gt;
                    &lt;td class="code"&gt;&lt;pre&gt;&amp;#x27;default&amp;#x27;&lt;/pre&gt;&lt;/td&gt;
                  &lt;/tr&gt;
                
              &lt;/tbody&gt;
            &lt;/table&gt;
            &lt;/details&gt;
          
        &lt;/li&gt;
      
        
        &lt;li class="frame django"&gt;
          
            &lt;code class="fname"&gt;/Users/alanalrechah/Desktop/Projects/energy-billing-platform/venv/lib/python3.10/site-packages/django/db/models/base.py&lt;/code&gt;, line 997, in save_base
          

          
            &lt;div class="context" id="c4484114944"&gt;
              
                &lt;ol start="990" class="pre-context" id="pre4484114944"&gt;
                
                  &lt;li onclick="toggle('pre4484114944', 'post4484114944')"&gt;&lt;pre&gt;            parent_inserted = False&lt;/pre&gt;&lt;/li&gt;
                
                  &lt;li onclick="toggle('pre4484114944', 'post4484114944')"&gt;&lt;pre&gt;            if not raw:&lt;/pre&gt;&lt;/li&gt;
                
                  &lt;li onclick="toggle('pre4484114944', 'post4484114944')"&gt;&lt;pre&gt;                # Validate force insert only when parents are inserted.&lt;/pre&gt;&lt;/li&gt;
                
                  &lt;li onclick="toggle('pre4484114944', 'post4484114944')"&gt;&lt;pre&gt;                force_insert = self._validate_force_insert(force_insert)&lt;/pre&gt;&lt;/li&gt;
                
                  &lt;li onclick="toggle('pre4484114944', 'post4484114944')"&gt;&lt;pre&gt;                parent_inserted = self._save_parents(&lt;/pre&gt;&lt;/li&gt;
                
                  &lt;li onclick="toggle('pre4484114944', 'post4484114944')"&gt;&lt;pre&gt;                    cls, using, update_fields, force_insert&lt;/pre&gt;&lt;/li&gt;
                
                  &lt;li onclick="toggle('pre4484114944', 'post4484114944')"&gt;&lt;pre&gt;                )&lt;/pre&gt;&lt;/li&gt;
                
                &lt;/ol&gt;
              
              &lt;ol start="997" class="context-line"&gt;
                &lt;li onclick="toggle('pre4484114944', 'post4484114944')"&gt;&lt;pre&gt;            updated = self._save_table(&lt;/pre&gt; &lt;span&gt;…&lt;/span&gt;&lt;/li&gt;
              &lt;/ol&gt;
              
                &lt;ol start='998' class="post-context" id="post4484114944"&gt;
                  
                  &lt;li onclick="toggle('pre4484114944', 'post4484114944')"&gt;&lt;pre&gt;                raw,&lt;/pre&gt;&lt;/li&gt;
                  
                  &lt;li onclick="toggle('pre4484114944', 'post4484114944')"&gt;&lt;pre&gt;                cls,&lt;/pre&gt;&lt;/li&gt;
                  
                  &lt;li onclick="toggle('pre4484114944', 'post4484114944')"&gt;&lt;pre&gt;                force_insert or parent_inserted,&lt;/pre&gt;&lt;/li&gt;
                  
                  &lt;li onclick="toggle('pre4484114944', 'post4484114944')"&gt;&lt;pre&gt;                force_update,&lt;/pre&gt;&lt;/li&gt;
                  
                  &lt;li onclick="toggle('pre4484114944', 'post4484114944')"&gt;&lt;pre&gt;                using,&lt;/pre&gt;&lt;/li&gt;
                  
                  &lt;li onclick="toggle('pre4484114944', 'post4484114944')"&gt;&lt;pre&gt;                update_fields,&lt;/pre&gt;&lt;/li&gt;
                  
              &lt;/ol&gt;
              
            &lt;/div&gt;
          

          
            
              &lt;details&gt;
                &lt;summary class="commands"&gt;Local vars&lt;/summary&gt;
            
            &lt;table class="vars" id="v4484114944"&gt;
              &lt;thead&gt;
                &lt;tr&gt;
                  &lt;th scope="col"&gt;Variable&lt;/th&gt;
                  &lt;th scope="col"&gt;Value&lt;/th&gt;
                &lt;/tr&gt;
              &lt;/thead&gt;
              &lt;tbody&gt;
                
                  &lt;tr&gt;
                    &lt;td&gt;cls&lt;/td&gt;
                    &lt;td class="code"&gt;&lt;pre&gt;&amp;lt;class &amp;#x27;apps.authentication.models.UserModel.User&amp;#x27;&amp;gt;&lt;/pre&gt;&lt;/td&gt;
                  &lt;/tr&gt;
                
                  &lt;tr&gt;
                    &lt;td&gt;context_manager&lt;/td&gt;
                    &lt;td class="code"&gt;&lt;pre&gt;&amp;lt;contextlib._GeneratorContextManager object at 0x10b40df60&amp;gt;&lt;/pre&gt;&lt;/td&gt;
                  &lt;/tr&gt;
                
                  &lt;tr&gt;
                    &lt;td&gt;force_insert&lt;/td&gt;
                    &lt;td class="code"&gt;&lt;pre&gt;()&lt;/pre&gt;&lt;/td&gt;
                  &lt;/tr&gt;
                
                  &lt;tr&gt;
                    &lt;td&gt;force_update&lt;/td&gt;
                    &lt;td class="code"&gt;&lt;pre&gt;False&lt;/pre&gt;&lt;/td&gt;
                  &lt;/tr&gt;
                
                  &lt;tr&gt;
                    &lt;td&gt;meta&lt;/td&gt;
                    &lt;td class="code"&gt;&lt;pre&gt;&amp;lt;Options for User&amp;gt;&lt;/pre&gt;&lt;/td&gt;
                  &lt;/tr&gt;
                
                  &lt;tr&gt;
                    &lt;td&gt;origin&lt;/td&gt;
                    &lt;td class="code"&gt;&lt;pre&gt;&amp;lt;class &amp;#x27;apps.authentication.models.UserModel.User&amp;#x27;&amp;gt;&lt;/pre&gt;&lt;/td&gt;
                  &lt;/tr&gt;
                
                  &lt;tr&gt;
                    &lt;td&gt;parent_inserted&lt;/td&gt;
                    &lt;td class="code"&gt;&lt;pre&gt;False&lt;/pre&gt;&lt;/td&gt;
                  &lt;/tr&gt;
                
                  &lt;tr&gt;
                    &lt;td&gt;raw&lt;/td&gt;
                    &lt;td class="code"&gt;&lt;pre&gt;False&lt;/pre&gt;&lt;/td&gt;
                  &lt;/tr&gt;
                
                  &lt;tr&gt;
                    &lt;td&gt;self&lt;/td&gt;
                    &lt;td class="code"&gt;&lt;pre&gt;&amp;lt;User: customer2&amp;gt;&lt;/pre&gt;&lt;/td&gt;
                  &lt;/tr&gt;
                
                  &lt;tr&gt;
                    &lt;td&gt;update_fields&lt;/td&gt;
                    &lt;td class="code"&gt;&lt;pre&gt;None&lt;/pre&gt;&lt;/td&gt;
                  &lt;/tr&gt;
                
                  &lt;tr&gt;
                    &lt;td&gt;using&lt;/td&gt;
                    &lt;td class="code"&gt;&lt;pre&gt;&amp;#x27;default&amp;#x27;&lt;/pre&gt;&lt;/td&gt;
                  &lt;/tr&gt;
                
              &lt;/tbody&gt;
            &lt;/table&gt;
            &lt;/details&gt;
          
        &lt;/li&gt;
      
        
        &lt;li class="frame django"&gt;
          
            &lt;code class="fname"&gt;/Users/alanalrechah/Desktop/Projects/energy-billing-platform/venv/lib/python3.10/site-packages/django/db/models/base.py&lt;/code&gt;, line 1160, in _save_table
          

          
            &lt;div class="context" id="c4484115072"&gt;
              
                &lt;ol start="1153" class="pre-context" id="pre4484115072"&gt;
                
                  &lt;li onclick="toggle('pre4484115072', 'post4484115072')"&gt;&lt;pre&gt;                )&lt;/pre&gt;&lt;/li&gt;
                
                  &lt;li onclick="toggle('pre4484115072', 'post4484115072')"&gt;&lt;pre&gt;            fields = [&lt;/pre&gt;&lt;/li&gt;
                
                  &lt;li onclick="toggle('pre4484115072', 'post4484115072')"&gt;&lt;pre&gt;                f&lt;/pre&gt;&lt;/li&gt;
                
                  &lt;li onclick="toggle('pre4484115072', 'post4484115072')"&gt;&lt;pre&gt;                for f in meta.local_concrete_fields&lt;/pre&gt;&lt;/li&gt;
                
                  &lt;li onclick="toggle('pre4484115072', 'post4484115072')"&gt;&lt;pre&gt;                if not f.generated and (pk_set or f is not meta.auto_field)&lt;/pre&gt;&lt;/li&gt;
                
                  &lt;li onclick="toggle('pre4484115072', 'post4484115072')"&gt;&lt;pre&gt;            ]&lt;/pre&gt;&lt;/li&gt;
                
                  &lt;li onclick="toggle('pre4484115072', 'post4484115072')"&gt;&lt;pre&gt;            returning_fields = meta.db_returning_fields&lt;/pre&gt;&lt;/li&gt;
                
                &lt;/ol&gt;
              
              &lt;ol start="1160" class="context-line"&gt;
                &lt;li onclick="toggle('pre4484115072', 'post4484115072')"&gt;&lt;pre&gt;            results = self._do_insert(&lt;/pre&gt; &lt;span&gt;…&lt;/span&gt;&lt;/li&gt;
              &lt;/ol&gt;
              
                &lt;ol start='1161' class="post-context" id="post4484115072"&gt;
                  
                  &lt;li onclick="toggle('pre4484115072', 'post4484115072')"&gt;&lt;pre&gt;                cls._base_manager, using, fields, returning_fields, raw&lt;/pre&gt;&lt;/li&gt;
                  
                  &lt;li onclick="toggle('pre4484115072', 'post4484115072')"&gt;&lt;pre&gt;            )&lt;/pre&gt;&lt;/li&gt;
                  
                  &lt;li onclick="toggle('pre4484115072', 'post4484115072')"&gt;&lt;pre&gt;            if results:&lt;/pre&gt;&lt;/li&gt;
                  
                  &lt;li onclick="toggle('pre4484115072', 'post4484115072')"&gt;&lt;pre&gt;                for value, field in zip(results[0], returning_fields):&lt;/pre&gt;&lt;/li&gt;
                  
                  &lt;li onclick="toggle('pre4484115072', 'post4484115072')"&gt;&lt;pre&gt;                    setattr(self, field.attname, value)&lt;/pre&gt;&lt;/li&gt;
                  
                  &lt;li onclick="toggle('pre4484115072', 'post4484115072')"&gt;&lt;pre&gt;        return updated&lt;/pre&gt;&lt;/li&gt;
                  
              &lt;/ol&gt;
              
            &lt;/div&gt;
          

          
            
              &lt;details&gt;
                &lt;summary class="commands"&gt;Local vars&lt;/summary&gt;
            
            &lt;table class="vars" id="v4484115072"&gt;
              &lt;thead&gt;
                &lt;tr&gt;
                  &lt;th scope="col"&gt;Variable&lt;/th&gt;
                  &lt;th scope="col"&gt;Value&lt;/th&gt;
                &lt;/tr&gt;
              &lt;/thead&gt;
              &lt;tbody&gt;
                
                  &lt;tr&gt;
                    &lt;td&gt;cls&lt;/td&gt;
                    &lt;td class="code"&gt;&lt;pre&gt;&amp;lt;class &amp;#x27;apps.authentication.models.UserModel.User&amp;#x27;&amp;gt;&lt;/pre&gt;&lt;/td&gt;
                  &lt;/tr&gt;
                
                  &lt;tr&gt;
                    &lt;td&gt;fields&lt;/td&gt;
                    &lt;td class="code"&gt;&lt;pre&gt;[&amp;lt;django.db.models.fields.CharField: password&amp;gt;,
 &amp;lt;django.db.models.fields.DateTimeField: last_login&amp;gt;,
 &amp;lt;django.db.models.fields.BooleanField: is_superuser&amp;gt;,
 &amp;lt;django.db.models.fields.CharField: username&amp;gt;,
 &amp;lt;django.db.models.fields.CharField: first_name&amp;gt;,
 &amp;lt;django.db.models.fields.CharField: last_name&amp;gt;,
 &amp;lt;django.db.models.fields.EmailField: email&amp;gt;,
 &amp;lt;django.db.models.fields.BooleanField: is_staff&amp;gt;,
 &amp;lt;django.db.models.fields.BooleanField: is_active&amp;gt;,
 &amp;lt;django.db.models.fields.DateTimeField: date_joined&amp;gt;,
 &amp;lt;django.db.models.fields.CharField: role&amp;gt;]&lt;/pre&gt;&lt;/td&gt;
                  &lt;/tr&gt;
                
                  &lt;tr&gt;
                    &lt;td&gt;force_insert&lt;/td&gt;
                    &lt;td class="code"&gt;&lt;pre&gt;False&lt;/pre&gt;&lt;/td&gt;
                  &lt;/tr&gt;
                
                  &lt;tr&gt;
                    &lt;td&gt;force_update&lt;/td&gt;
                    &lt;td class="code"&gt;&lt;pre&gt;False&lt;/pre&gt;&lt;/td&gt;
                  &lt;/tr&gt;
                
                  &lt;tr&gt;
                    &lt;td&gt;meta&lt;/td&gt;
                    &lt;td class="code"&gt;&lt;pre&gt;&amp;lt;Options for User&amp;gt;&lt;/pre&gt;&lt;/td&gt;
                  &lt;/tr&gt;
                
                  &lt;tr&gt;
                    &lt;td&gt;non_pks_non_generated&lt;/td&gt;
                    &lt;td class="code"&gt;&lt;pre&gt;[&amp;lt;django.db.models.fields.CharField: password&amp;gt;,
 &amp;lt;django.db.models.fields.DateTimeField: last_login&amp;gt;,
 &amp;lt;django.db.models.fields.BooleanField: is_superuser&amp;gt;,
 &amp;lt;django.db.models.fields.CharField: username&amp;gt;,
 &amp;lt;django.db.models.fields.CharField: first_name&amp;gt;,
 &amp;lt;django.db.models.fields.CharField: last_name&amp;gt;,
 &amp;lt;django.db.models.fields.EmailField: email&amp;gt;,
 &amp;lt;django.db.models.fields.BooleanField: is_staff&amp;gt;,
 &amp;lt;django.db.models.fields.BooleanField: is_active&amp;gt;,
 &amp;lt;django.db.models.fields.DateTimeField: date_joined&amp;gt;,
 &amp;lt;django.db.models.fields.CharField: role&amp;gt;]&lt;/pre&gt;&lt;/td&gt;
                  &lt;/tr&gt;
                
                  &lt;tr&gt;
                    &lt;td&gt;pk_set&lt;/td&gt;
                    &lt;td class="code"&gt;&lt;pre&gt;False&lt;/pre&gt;&lt;/td&gt;
                  &lt;/tr&gt;
                
                  &lt;tr&gt;
                    &lt;td&gt;pk_val&lt;/td&gt;
                    &lt;td class="code"&gt;&lt;pre&gt;None&lt;/pre&gt;&lt;/td&gt;
                  &lt;/tr&gt;
                
                  &lt;tr&gt;
                    &lt;td&gt;raw&lt;/td&gt;
                    &lt;td class="code"&gt;&lt;pre&gt;False&lt;/pre&gt;&lt;/td&gt;
                  &lt;/tr&gt;
                
                  &lt;tr&gt;
                    &lt;td&gt;returning_fields&lt;/td&gt;
                    &lt;td class="code"&gt;&lt;pre&gt;[&amp;lt;django.db.models.fields.BigAutoField: id&amp;gt;]&lt;/pre&gt;&lt;/td&gt;
                  &lt;/tr&gt;
                
                  &lt;tr&gt;
                    &lt;td&gt;self&lt;/td&gt;
                    &lt;td class="code"&gt;&lt;pre&gt;&amp;lt;User: customer2&amp;gt;&lt;/pre&gt;&lt;/td&gt;
                  &lt;/tr&gt;
                
                  &lt;tr&gt;
                    &lt;td&gt;update_fields&lt;/td&gt;
                    &lt;td class="code"&gt;&lt;pre&gt;None&lt;/pre&gt;&lt;/td&gt;
                  &lt;/tr&gt;
                
                  &lt;tr&gt;
                    &lt;td&gt;updated&lt;/td&gt;
                    &lt;td class="code"&gt;&lt;pre&gt;False&lt;/pre&gt;&lt;/td&gt;
                  &lt;/tr&gt;
                
                  &lt;tr&gt;
                    &lt;td&gt;using&lt;/td&gt;
                    &lt;td class="code"&gt;&lt;pre&gt;&amp;#x27;default&amp;#x27;&lt;/pre&gt;&lt;/td&gt;
                  &lt;/tr&gt;
                
              &lt;/tbody&gt;
            &lt;/table&gt;
            &lt;/details&gt;
          
        &lt;/li&gt;
      
        
        &lt;li class="frame django"&gt;
          
            &lt;code class="fname"&gt;/Users/alanalrechah/Desktop/Projects/energy-billing-platform/venv/lib/python3.10/site-packages/django/db/models/base.py&lt;/code&gt;, line 1201, in _do_insert
          

          
            &lt;div class="context" id="c4484067136"&gt;
              
                &lt;ol start="1194" class="pre-context" id="pre4484067136"&gt;
                
                  &lt;li onclick="toggle('pre4484067136', 'post4484067136')"&gt;&lt;pre&gt;        return filtered._update(values) &amp;gt; 0&lt;/pre&gt;&lt;/li&gt;
                
                  &lt;li onclick="toggle('pre4484067136', 'post4484067136')"&gt;&lt;pre&gt;&lt;/pre&gt;&lt;/li&gt;
                
                  &lt;li onclick="toggle('pre4484067136', 'post4484067136')"&gt;&lt;pre&gt;    def _do_insert(self, manager, using, fields, returning_fields, raw):&lt;/pre&gt;&lt;/li&gt;
                
                  &lt;li onclick="toggle('pre4484067136', 'post4484067136')"&gt;&lt;pre&gt;        &amp;quot;&amp;quot;&amp;quot;&lt;/pre&gt;&lt;/li&gt;
                
                  &lt;li onclick="toggle('pre4484067136', 'post4484067136')"&gt;&lt;pre&gt;        Do an INSERT. If returning_fields is defined then this method should&lt;/pre&gt;&lt;/li&gt;
                
                  &lt;li onclick="toggle('pre4484067136', 'post4484067136')"&gt;&lt;pre&gt;        return the newly created data for the model.&lt;/pre&gt;&lt;/li&gt;
                
                  &lt;li onclick="toggle('pre4484067136', 'post4484067136')"&gt;&lt;pre&gt;        &amp;quot;&amp;quot;&amp;quot;&lt;/pre&gt;&lt;/li&gt;
                
                &lt;/ol&gt;
              
              &lt;ol start="1201" class="context-line"&gt;
                &lt;li onclick="toggle('pre4484067136', 'post4484067136')"&gt;&lt;pre&gt;        return manager._insert(&lt;/pre&gt; &lt;span&gt;…&lt;/span&gt;&lt;/li&gt;
              &lt;/ol&gt;
              
                &lt;ol start='1202' class="post-context" id="post4484067136"&gt;
                  
                  &lt;li onclick="toggle('pre4484067136', 'post4484067136')"&gt;&lt;pre&gt;            [self],&lt;/pre&gt;&lt;/li&gt;
                  
                  &lt;li onclick="toggle('pre4484067136', 'post4484067136')"&gt;&lt;pre&gt;            fields=fields,&lt;/pre&gt;&lt;/li&gt;
                  
                  &lt;li onclick="toggle('pre4484067136', 'post4484067136')"&gt;&lt;pre&gt;            returning_fields=returning_fields,&lt;/pre&gt;&lt;/li&gt;
                  
                  &lt;li onclick="toggle('pre4484067136', 'post4484067136')"&gt;&lt;pre&gt;            using=using,&lt;/pre&gt;&lt;/li&gt;
                  
                  &lt;li onclick="toggle('pre4484067136', 'post4484067136')"&gt;&lt;pre&gt;            raw=raw,&lt;/pre&gt;&lt;/li&gt;
                  
                  &lt;li onclick="toggle('pre4484067136', 'post4484067136')"&gt;&lt;pre&gt;        )&lt;/pre&gt;&lt;/li&gt;
                  
              &lt;/ol&gt;
              
            &lt;/div&gt;
          

          
            
              &lt;details&gt;
                &lt;summary class="commands"&gt;Local vars&lt;/summary&gt;
            
            &lt;table class="vars" id="v4484067136"&gt;
              &lt;thead&gt;
                &lt;tr&gt;
                  &lt;th scope="col"&gt;Variable&lt;/th&gt;
                  &lt;th scope="col"&gt;Value&lt;/th&gt;
                &lt;/tr&gt;
              &lt;/thead&gt;
              &lt;tbody&gt;
                
                  &lt;tr&gt;
                    &lt;td&gt;fields&lt;/td&gt;
                    &lt;td class="code"&gt;&lt;pre&gt;[&amp;lt;django.db.models.fields.CharField: password&amp;gt;,
 &amp;lt;django.db.models.fields.DateTimeField: last_login&amp;gt;,
 &amp;lt;django.db.models.fields.BooleanField: is_superuser&amp;gt;,
 &amp;lt;django.db.models.fields.CharField: username&amp;gt;,
 &amp;lt;django.db.models.fields.CharField: first_name&amp;gt;,
 &amp;lt;django.db.models.fields.CharField: last_name&amp;gt;,
 &amp;lt;django.db.models.fields.EmailField: email&amp;gt;,
 &amp;lt;django.db.models.fields.BooleanField: is_staff&amp;gt;,
 &amp;lt;django.db.models.fields.BooleanField: is_active&amp;gt;,
 &amp;lt;django.db.models.fields.DateTimeField: date_joined&amp;gt;,
 &amp;lt;django.db.models.fields.CharField: role&amp;gt;]&lt;/pre&gt;&lt;/td&gt;
                  &lt;/tr&gt;
                
                  &lt;tr&gt;
                    &lt;td&gt;manager&lt;/td&gt;
                    &lt;td class="code"&gt;&lt;pre&gt;&amp;lt;django.db.models.manager.Manager object at 0x10b40e1a0&amp;gt;&lt;/pre&gt;&lt;/td&gt;
                  &lt;/tr&gt;
                
                  &lt;tr&gt;
                    &lt;td&gt;raw&lt;/td&gt;
                    &lt;td class="code"&gt;&lt;pre&gt;False&lt;/pre&gt;&lt;/td&gt;
                  &lt;/tr&gt;
                
                  &lt;tr&gt;
                    &lt;td&gt;returning_fields&lt;/td&gt;
                    &lt;td class="code"&gt;&lt;pre&gt;[&amp;lt;django.db.models.fields.BigAutoField: id&amp;gt;]&lt;/pre&gt;&lt;/td&gt;
                  &lt;/tr&gt;
                
                  &lt;tr&gt;
                    &lt;td&gt;self&lt;/td&gt;
                    &lt;td class="code"&gt;&lt;pre&gt;&amp;lt;User: customer2&amp;gt;&lt;/pre&gt;&lt;/td&gt;
                  &lt;/tr&gt;
                
                  &lt;tr&gt;
                    &lt;td&gt;using&lt;/td&gt;
                    &lt;td class="code"&gt;&lt;pre&gt;&amp;#x27;default&amp;#x27;&lt;/pre&gt;&lt;/td&gt;
                  &lt;/tr&gt;
                
              &lt;/tbody&gt;
            &lt;/table&gt;
            &lt;/details&gt;
          
        &lt;/li&gt;
      
        
        &lt;li class="frame django"&gt;
          
            &lt;code class="fname"&gt;/Users/alanalrechah/Desktop/Projects/energy-billing-platform/venv/lib/python3.10/site-packages/django/db/models/manager.py&lt;/code&gt;, line 87, in manager_method
          

          
            &lt;div class="context" id="c4484070208"&gt;
              
                &lt;ol start="80" class="pre-context" id="pre4484070208"&gt;
                
                  &lt;li onclick="toggle('pre4484070208', 'post4484070208')"&gt;&lt;pre&gt;        return []&lt;/pre&gt;&lt;/li&gt;
                
                  &lt;li onclick="toggle('pre4484070208', 'post4484070208')"&gt;&lt;pre&gt;&lt;/pre&gt;&lt;/li&gt;
                
                  &lt;li onclick="toggle('pre4484070208', 'post4484070208')"&gt;&lt;pre&gt;    @classmethod&lt;/pre&gt;&lt;/li&gt;
                
                  &lt;li onclick="toggle('pre4484070208', 'post4484070208')"&gt;&lt;pre&gt;    def _get_queryset_methods(cls, queryset_class):&lt;/pre&gt;&lt;/li&gt;
                
                  &lt;li onclick="toggle('pre4484070208', 'post4484070208')"&gt;&lt;pre&gt;        def create_method(name, method):&lt;/pre&gt;&lt;/li&gt;
                
                  &lt;li onclick="toggle('pre4484070208', 'post4484070208')"&gt;&lt;pre&gt;            @wraps(method)&lt;/pre&gt;&lt;/li&gt;
                
[...]
      
        &lt;tr&gt;
          &lt;td&gt;TIME_ZONE&lt;/td&gt;
          &lt;td class="code"&gt;&lt;pre&gt;&amp;#x27;UTC&amp;#x27;&lt;/pre&gt;&lt;/td&gt;
        &lt;/tr&gt;
      
        &lt;tr&gt;
          &lt;td&gt;USE_I18N&lt;/td&gt;
          &lt;td class="code"&gt;&lt;pre&gt;True&lt;/pre&gt;&lt;/td&gt;
        &lt;/tr&gt;
      
        &lt;tr&gt;
          &lt;td&gt;USE_THOUSAND_SEPARATOR&lt;/td&gt;
          &lt;td class="code"&gt;&lt;pre&gt;False&lt;/pre&gt;&lt;/td&gt;
        &lt;/tr&gt;
      
        &lt;tr&gt;
          &lt;td&gt;USE_TZ&lt;/td&gt;
          &lt;td class="code"&gt;&lt;pre&gt;True&lt;/pre&gt;&lt;/td&gt;
        &lt;/tr&gt;
      
        &lt;tr&gt;
          &lt;td&gt;USE_X_FORWARDED_HOST&lt;/td&gt;
          &lt;td class="code"&gt;&lt;pre&gt;False&lt;/pre&gt;&lt;/td&gt;
        &lt;/tr&gt;
      
        &lt;tr&gt;
          &lt;td&gt;USE_X_FORWARDED_PORT&lt;/td&gt;
          &lt;td class="code"&gt;&lt;pre&gt;False&lt;/pre&gt;&lt;/td&gt;
        &lt;/tr&gt;
      
        &lt;tr&gt;
          &lt;td&gt;WSGI_APPLICATION&lt;/td&gt;
          &lt;td class="code"&gt;&lt;pre&gt;&amp;#x27;energy_billing.wsgi.application&amp;#x27;&lt;/pre&gt;&lt;/td&gt;
        &lt;/tr&gt;
      
        &lt;tr&gt;
          &lt;td&gt;X_FRAME_OPTIONS&lt;/td&gt;
          &lt;td class="code"&gt;&lt;pre&gt;&amp;#x27;DENY&amp;#x27;&lt;/pre&gt;&lt;/td&gt;
        &lt;/tr&gt;
      
        &lt;tr&gt;
          &lt;td&gt;YEAR_MONTH_FORMAT&lt;/td&gt;
          &lt;td class="code"&gt;&lt;pre&gt;&amp;#x27;F Y&amp;#x27;&lt;/pre&gt;&lt;/td&gt;
        &lt;/tr&gt;
      
    &lt;/tbody&gt;
  &lt;/table&gt;

&lt;/div&gt;
&lt;/main&gt;


  &lt;footer id="explanation"&gt;
    &lt;p&gt;
      You’re seeing this error because you have &lt;code&gt;DEBUG = True&lt;/code&gt; in your
      Django settings file. Change that to &lt;code&gt;False&lt;/code&gt;, and Django will
      display a standard page generated by the handler for this status code.
    &lt;/p&gt;
  &lt;/footer&gt;

&lt;/body&gt;
&lt;/html&gt;
</msg>
<arg>Response body: ${response.text}</arg>
<doc>Logs the given message with the given level.</doc>
<status status="PASS" start="2024-09-22T17:58:58.425994" elapsed="0.002863"/>
</kw>
<return>
<value>${response}</value>
<status status="PASS" start="2024-09-22T17:58:58.428888" elapsed="0.000031"/>
</return>
<msg time="2024-09-22T17:58:58.429007" level="INFO">${response} = &lt;Response [500]&gt;</msg>
<var>${response}</var>
<arg>customer2</arg>
<arg>password123</arg>
<arg>customer1@example.com</arg>
<status status="PASS" start="2024-09-22T17:58:58.141913" elapsed="0.287106"/>
</kw>
<kw name="Should Be Equal As Strings" owner="BuiltIn">
<msg time="2024-09-22T17:58:58.429417" level="INFO">Argument types are:
&lt;class 'int'&gt;
&lt;class 'str'&gt;</msg>
<msg time="2024-09-22T17:58:58.429497" level="FAIL">500 != 201</msg>
<arg>${response.status_code}</arg>
<arg>201</arg>
<doc>Fails if objects are unequal after converting them to strings.</doc>
<status status="FAIL" start="2024-09-22T17:58:58.429088" elapsed="0.000459">500 != 201</status>
</kw>
<doc>Test the customer registration endpoint</doc>
<status status="FAIL" start="2024-09-22T17:58:58.141690" elapsed="0.287986">500 != 201</status>
</test>
<test id="s1-t2" name="Login with Customer User" line="19">
<kw name="Login User">
<kw name="Create Dictionary" owner="BuiltIn">
<msg time="2024-09-22T17:58:58.430367" level="INFO">${data} = {'username': 'customer1', 'password': 'password123'}</msg>
<var>${data}</var>
<arg>username=${username}</arg>
<arg>password=${password}</arg>
<doc>Creates and returns a dictionary based on the given ``items``.</doc>
<status status="PASS" start="2024-09-22T17:58:58.430219" elapsed="0.000162"/>
</kw>
<kw name="Post Request" owner="RequestsLibrary">
<msg time="2024-09-22T17:58:58.430454" level="WARN">Keyword 'RequestsLibrary.Post Request' is deprecated. Please use `POST On Session` instead.</msg>
<msg time="2024-09-22T17:58:58.586645" level="INFO">POST Request : url=http://localhost:8000/auth/login/ 
 path_url=/auth/login/ 
 headers={'User-Agent': 'python-requests/2.32.3', 'Accept-Encoding': 'gzip, deflate, br', 'Accept': '*/*', 'Connection': 'keep-alive', 'Content-Length': '52', 'Content-Type': 'application/json'} 
 body=b'{"username": "customer1", "password": "password123"}' 
 </msg>
<msg time="2024-09-22T17:58:58.586708" level="INFO">POST Response : url=http://localhost:8000/auth/login/ 
 status=200, reason=OK 
 headers={'Date': 'Sun, 22 Sep 2024 17:58:58 GMT', 'Server': 'WSGIServer/0.2 CPython/3.10.5', 'Content-Type': 'application/json', 'Vary': 'Accept, Cookie', 'Allow': 'POST, OPTIONS', 'X-Frame-Options': 'DENY', 'Content-Length': '30', 'X-Content-Type-Options': 'nosniff', 'Referrer-Policy': 'same-origin', 'Cross-Origin-Opener-Policy': 'same-origin'} 
 body={"message":"Login successful"} 
 </msg>
<msg time="2024-09-22T17:58:58.586798" level="INFO">${response} = &lt;Response [200]&gt;</msg>
<var>${response}</var>
<arg>authentication</arg>
<arg>${LOGIN_URL}</arg>
<arg>json=${data}</arg>
<doc>*DEPRECATED* Please use `POST On Session` instead.</doc>
<status status="PASS" start="2024-09-22T17:58:58.430442" elapsed="0.156371"/>
</kw>
<kw name="Log" owner="BuiltIn">
<msg time="2024-09-22T17:58:58.587276" level="INFO">{"message":"Login successful"}</msg>
<arg>${response.text}</arg>
<doc>Logs the given message with the given level.</doc>
<status status="PASS" start="2024-09-22T17:58:58.586939" elapsed="0.000362"/>
</kw>
<return>
<value>${response}</value>
<status status="PASS" start="2024-09-22T17:58:58.587334" elapsed="0.000025"/>
</return>
<msg time="2024-09-22T17:58:58.587442" level="INFO">${response} = &lt;Response [200]&gt;</msg>
<var>${response}</var>
<arg>customer1</arg>
<arg>password123</arg>
<status status="PASS" start="2024-09-22T17:58:58.430046" elapsed="0.157407"/>
</kw>
<kw name="Should Be Equal As Strings" owner="BuiltIn">
<msg time="2024-09-22T17:58:58.587735" level="INFO">Argument types are:
&lt;class 'int'&gt;
&lt;class 'str'&gt;</msg>
<arg>${response.status_code}</arg>
<arg>200</arg>
<doc>Fails if objects are unequal after converting them to strings.</doc>
<status status="PASS" start="2024-09-22T17:58:58.587514" elapsed="0.000248"/>
</kw>
<doc>Test customer login after registration</doc>
<status status="PASS" start="2024-09-22T17:58:58.429803" elapsed="0.158022"/>
</test>
<test id="s1-t3" name="View Customer Profile" line="24">
<kw name="Login User">
<kw name="Create Dictionary" owner="BuiltIn">
<msg time="2024-09-22T17:58:58.588422" level="INFO">${data} = {'username': 'customer1', 'password': 'password123'}</msg>
<var>${data}</var>
<arg>username=${username}</arg>
<arg>password=${password}</arg>
<doc>Creates and returns a dictionary based on the given ``items``.</doc>
<status status="PASS" start="2024-09-22T17:58:58.588277" elapsed="0.000158"/>
</kw>
<kw name="Post Request" owner="RequestsLibrary">
<msg time="2024-09-22T17:58:58.588504" level="WARN">Keyword 'RequestsLibrary.Post Request' is deprecated. Please use `POST On Session` instead.</msg>
<msg time="2024-09-22T17:58:58.743851" level="INFO">POST Request : url=http://localhost:8000/auth/login/ 
 path_url=/auth/login/ 
 headers={'User-Agent': 'python-requests/2.32.3', 'Accept-Encoding': 'gzip, deflate, br', 'Accept': '*/*', 'Connection': 'keep-alive', 'Content-Length': '52', 'Content-Type': 'application/json'} 
 body=b'{"username": "customer1", "password": "password123"}' 
 </msg>
<msg time="2024-09-22T17:58:58.743909" level="INFO">POST Response : url=http://localhost:8000/auth/login/ 
 status=200, reason=OK 
 headers={'Date': 'Sun, 22 Sep 2024 17:58:58 GMT', 'Server': 'WSGIServer/0.2 CPython/3.10.5', 'Content-Type': 'application/json', 'Vary': 'Accept, Cookie', 'Allow': 'POST, OPTIONS', 'X-Frame-Options': 'DENY', 'Content-Length': '30', 'X-Content-Type-Options': 'nosniff', 'Referrer-Policy': 'same-origin', 'Cross-Origin-Opener-Policy': 'same-origin'} 
 body={"message":"Login successful"} 
 </msg>
<msg time="2024-09-22T17:58:58.743999" level="INFO">${response} = &lt;Response [200]&gt;</msg>
<var>${response}</var>
<arg>authentication</arg>
<arg>${LOGIN_URL}</arg>
<arg>json=${data}</arg>
<doc>*DEPRECATED* Please use `POST On Session` instead.</doc>
<status status="PASS" start="2024-09-22T17:58:58.588492" elapsed="0.155523"/>
</kw>
<kw name="Log" owner="BuiltIn">
<msg time="2024-09-22T17:58:58.744485" level="INFO">{"message":"Login successful"}</msg>
<arg>${response.text}</arg>
<doc>Logs the given message with the given level.</doc>
<status status="PASS" start="2024-09-22T17:58:58.744129" elapsed="0.000384"/>
</kw>
<return>
<value>${response}</value>
<status status="PASS" start="2024-09-22T17:58:58.744547" elapsed="0.000022"/>
</return>
<msg time="2024-09-22T17:58:58.744646" level="INFO">${response} = &lt;Response [200]&gt;</msg>
<var>${response}</var>
<arg>customer1</arg>
<arg>password123</arg>
<status status="PASS" start="2024-09-22T17:58:58.588138" elapsed="0.156520"/>
</kw>
<kw name="Get Profile">
<kw name="Get Request" owner="RequestsLibrary">
<msg time="2024-09-22T17:58:58.744890" level="WARN">Keyword 'RequestsLibrary.Get Request' is deprecated. Please use `GET On Session` instead.</msg>
<msg time="2024-09-22T17:58:58.748247" level="INFO">GET Request : url=http://localhost:8000/auth/profile/ 
 path_url=/auth/profile/ 
 headers={'User-Agent': 'python-requests/2.32.3', 'Accept-Encoding': 'gzip, deflate, br', 'Accept': '*/*', 'Connection': 'keep-alive'} 
 body=None 
 </msg>
<msg time="2024-09-22T17:58:58.748284" level="INFO">GET Response : url=http://localhost:8000/auth/profile/ 
 status=403, reason=Forbidden 
 headers={'Date': 'Sun, 22 Sep 2024 17:58:58 GMT', 'Server': 'WSGIServer/0.2 CPython/3.10.5', 'Content-Type': 'application/json', 'Vary': 'Accept, Cookie', 'Allow': 'GET, PUT, HEAD, OPTIONS', 'X-Frame-Options': 'DENY', 'Content-Length': '58', 'X-Content-Type-Options': 'nosniff', 'Referrer-Policy': 'same-origin', 'Cross-Origin-Opener-Policy': 'same-origin'} 
 body={"detail":"Authentication credentials were not provided."} 
 </msg>
<msg time="2024-09-22T17:58:58.748342" level="INFO">${response} = &lt;Response [403]&gt;</msg>
<var>${response}</var>
<arg>authentication</arg>
<arg>${PROFILE_URL}</arg>
<doc>*DEPRECATED* Please use `GET On Session` instead.</doc>
<status status="PASS" start="2024-09-22T17:58:58.744879" elapsed="0.003476"/>
</kw>
<kw name="Log" owner="BuiltIn">
<msg time="2024-09-22T17:58:58.748763" level="INFO">{"detail":"Authentication credentials were not provided."}</msg>
<arg>${response.text}</arg>
<doc>Logs the given message with the given level.</doc>
<status status="PASS" start="2024-09-22T17:58:58.748484" elapsed="0.000305"/>
</kw>
<return>
<value>${response}</value>
<status status="PASS" start="2024-09-22T17:58:58.748819" elapsed="0.000019"/>
</return>
<msg time="2024-09-22T17:58:58.748913" level="INFO">${profile_response} = &lt;Response [403]&gt;</msg>
<var>${profile_response}</var>
<status status="PASS" start="2024-09-22T17:58:58.744758" elapsed="0.004166"/>
</kw>
<kw name="Should Be Equal As Strings" owner="BuiltIn">
<msg time="2024-09-22T17:58:58.749200" level="INFO">Argument types are:
&lt;class 'int'&gt;
&lt;class 'str'&gt;</msg>
<msg time="2024-09-22T17:58:58.749247" level="FAIL">403 != 200</msg>
<arg>${profile_response.status_code}</arg>
<arg>200</arg>
<doc>Fails if objects are unequal after converting them to strings.</doc>
<status status="FAIL" start="2024-09-22T17:58:58.748986" elapsed="0.000297">403 != 200</status>
</kw>
<doc>Test customer profile view</doc>
<status status="FAIL" start="2024-09-22T17:58:58.587929" elapsed="0.161439">403 != 200</status>
</test>
<test id="s1-t4" name="Admin Creates New User" line="30">
<kw name="Login User">
<kw name="Create Dictionary" owner="BuiltIn">
<msg time="2024-09-22T17:58:58.750143" level="INFO">${data} = {'username': 'admin', 'password': 'admin_password'}</msg>
<var>${data}</var>
<arg>username=${username}</arg>
<arg>password=${password}</arg>
<doc>Creates and returns a dictionary based on the given ``items``.</doc>
<status status="PASS" start="2024-09-22T17:58:58.749982" elapsed="0.000174"/>
</kw>
<kw name="Post Request" owner="RequestsLibrary">
<msg time="2024-09-22T17:58:58.750230" level="WARN">Keyword 'RequestsLibrary.Post Request' is deprecated. Please use `POST On Session` instead.</msg>
<msg time="2024-09-22T17:58:58.907416" level="INFO">POST Request : url=http://localhost:8000/auth/login/ 
 path_url=/auth/login/ 
 headers={'User-Agent': 'python-requests/2.32.3', 'Accept-Encoding': 'gzip, deflate, br', 'Accept': '*/*', 'Connection': 'keep-alive', 'Content-Length': '51', 'Content-Type': 'application/json'} 
 body=b'{"username": "admin", "password": "admin_password"}' 
 </msg>
<msg time="2024-09-22T17:58:58.907483" level="INFO">POST Response : url=http://localhost:8000/auth/login/ 
 status=401, reason=Unauthorized 
 headers={'Date': 'Sun, 22 Sep 2024 17:58:58 GMT', 'Server': 'WSGIServer/0.2 CPython/3.10.5', 'Content-Type': 'application/json', 'Vary': 'Accept, Cookie', 'Allow': 'POST, OPTIONS', 'X-Frame-Options': 'DENY', 'Content-Length': '31', 'X-Content-Type-Options': 'nosniff', 'Referrer-Policy': 'same-origin', 'Cross-Origin-Opener-Policy': 'same-origin'} 
 body={"error":"Invalid credentials"} 
 </msg>
<msg time="2024-09-22T17:58:58.907589" level="INFO">${response} = &lt;Response [401]&gt;</msg>
<var>${response}</var>
<arg>authentication</arg>
<arg>${LOGIN_URL}</arg>
<arg>json=${data}</arg>
<doc>*DEPRECATED* Please use `POST On Session` instead.</doc>
<status status="PASS" start="2024-09-22T17:58:58.750218" elapsed="0.157386"/>
</kw>
<kw name="Log" owner="BuiltIn">
<msg time="2024-09-22T17:58:58.908095" level="INFO">{"error":"Invalid credentials"}</msg>
<arg>${response.text}</arg>
<doc>Logs the given message with the given level.</doc>
<status status="PASS" start="2024-09-22T17:58:58.907723" elapsed="0.000401"/>
</kw>
<return>
<value>${response}</value>
<status status="PASS" start="2024-09-22T17:58:58.908163" elapsed="0.000052"/>
</return>
<msg time="2024-09-22T17:58:58.908328" level="INFO">${login_response} = &lt;Response [401]&gt;</msg>
<var>${login_response}</var>
<arg>admin</arg>
<arg>admin_password</arg>
<status status="PASS" start="2024-09-22T17:58:58.749788" elapsed="0.158552"/>
</kw>
<kw name="Create User As Admin">
<kw name="Create Dictionary" owner="BuiltIn">
<msg time="2024-09-22T17:58:58.908835" level="INFO">${data} = {'username': 'customer2', 'password': 'password123', 'email': 'customer2@example.com', 'role': 'customer'}</msg>
<var>${data}</var>
<arg>username=${username}</arg>
<arg>password=${password}</arg>
<arg>email=${email}</arg>
<arg>role=customer</arg>
<doc>Creates and returns a dictionary based on the given ``items``.</doc>
<status status="PASS" start="2024-09-22T17:58:58.908654" elapsed="0.000194"/>
</kw>
<kw name="Post Request" owner="RequestsLibrary">
<msg time="2024-09-22T17:58:58.908917" level="WARN">Keyword 'RequestsLibrary.Post Request' is deprecated. Please use `POST On Session` instead.</msg>
<msg time="2024-09-22T17:58:58.912677" level="INFO">POST Request : url=http://localhost:8000/auth/admin/register/ 
 path_url=/auth/admin/register/ 
 headers={'User-Agent': 'python-requests/2.32.3', 'Accept-Encoding': 'gzip, deflate, br', 'Accept': '*/*', 'Connection': 'keep-alive', 'Content-Length': '106', 'Content-Type': 'application/json'} 
 body=b'{"username": "customer2", "password": "password123", "email": "customer2@example.com", "role": "customer"}' 
 </msg>
<msg time="2024-09-22T17:58:58.912732" level="INFO">POST Response : url=http://localhost:8000/auth/admin/register/ 
 status=400, reason=Bad Request 
 headers={'Date': 'Sun, 22 Sep 2024 17:58:58 GMT', 'Server': 'WSGIServer/0.2 CPython/3.10.5', 'Content-Type': 'application/json', 'Vary': 'Accept, Cookie', 'Allow': 'POST, OPTIONS', 'X-Frame-Options': 'DENY', 'Content-Length': '2', 'X-Content-Type-Options': 'nosniff', 'Referrer-Policy': 'same-origin', 'Cross-Origin-Opener-Policy': 'same-origin'} 
 body={} 
 </msg>
<msg time="2024-09-22T17:58:58.912816" level="INFO">${response} = &lt;Response [400]&gt;</msg>
<var>${response}</var>
<arg>authentication</arg>
<arg>${ADMIN_REGISTER_URL}</arg>
<arg>json=${data}</arg>
<doc>*DEPRECATED* Please use `POST On Session` instead.</doc>
<status status="PASS" start="2024-09-22T17:58:58.908906" elapsed="0.003923"/>
</kw>
<kw name="Log" owner="BuiltIn">
<msg time="2024-09-22T17:58:58.913255" level="INFO">{}</msg>
<arg>${response.text}</arg>
<doc>Logs the given message with the given level.</doc>
<status status="PASS" start="2024-09-22T17:58:58.912920" elapsed="0.000360"/>
</kw>
<return>
<value>${response}</value>
<status status="PASS" start="2024-09-22T17:58:58.913307" elapsed="0.000019"/>
</return>
<msg time="2024-09-22T17:58:58.913395" level="INFO">${response} = &lt;Response [400]&gt;</msg>
<var>${response}</var>
<arg>admin</arg>
<arg>customer2</arg>
<arg>password123</arg>
<arg>customer2@example.com</arg>
<status status="PASS" start="2024-09-22T17:58:58.908481" elapsed="0.004925"/>
</kw>
<kw name="Should Be Equal As Strings" owner="BuiltIn">
<msg time="2024-09-22T17:58:58.913696" level="INFO">Argument types are:
&lt;class 'int'&gt;
&lt;class 'str'&gt;</msg>
<msg time="2024-09-22T17:58:58.913747" level="FAIL">400 != 201</msg>
<arg>${response.status_code}</arg>
<arg>201</arg>
<doc>Fails if objects are unequal after converting them to strings.</doc>
<status status="FAIL" start="2024-09-22T17:58:58.913465" elapsed="0.000316">400 != 201</status>
</kw>
<doc>Test admin creating a new user</doc>
<status status="FAIL" start="2024-09-22T17:58:58.749511" elapsed="0.164350">400 != 201</status>
</test>
<status status="FAIL" start="2024-09-22T17:58:58.091225" elapsed="0.823067"/>
</suite>
<statistics>
<total>
<stat pass="1" fail="3" skip="0">All Tests</stat>
</total>
<tag>
</tag>
<suite>
<stat pass="1" fail="3" skip="0" id="s1" name="User Tests">User Tests</stat>
</suite>
</statistics>
<errors>
<msg time="2024-09-22T17:58:58.088587" level="WARN">Error in file '/Users/alanalrechah/Desktop/Projects/energy-billing-platform/apps/authentication/tests/robot_tests/user_tests.robot' on line 47: The '[Return]' setting is deprecated. Use the 'RETURN' statement instead.</msg>
<msg time="2024-09-22T17:58:58.088681" level="WARN">Error in file '/Users/alanalrechah/Desktop/Projects/energy-billing-platform/apps/authentication/tests/robot_tests/user_tests.robot' on line 54: The '[Return]' setting is deprecated. Use the 'RETURN' statement instead.</msg>
<msg time="2024-09-22T17:58:58.088733" level="WARN">Error in file '/Users/alanalrechah/Desktop/Projects/energy-billing-platform/apps/authentication/tests/robot_tests/user_tests.robot' on line 59: The '[Return]' setting is deprecated. Use the 'RETURN' statement instead.</msg>
<msg time="2024-09-22T17:58:58.088806" level="WARN">Error in file '/Users/alanalrechah/Desktop/Projects/energy-billing-platform/apps/authentication/tests/robot_tests/user_tests.robot' on line 66: The '[Return]' setting is deprecated. Use the 'RETURN' statement instead.</msg>
<msg time="2024-09-22T17:58:58.142354" level="WARN">Keyword 'RequestsLibrary.Post Request' is deprecated. Please use `POST On Session` instead.</msg>
<msg time="2024-09-22T17:58:58.430454" level="WARN">Keyword 'RequestsLibrary.Post Request' is deprecated. Please use `POST On Session` instead.</msg>
<msg time="2024-09-22T17:58:58.588504" level="WARN">Keyword 'RequestsLibrary.Post Request' is deprecated. Please use `POST On Session` instead.</msg>
<msg time="2024-09-22T17:58:58.744890" level="WARN">Keyword 'RequestsLibrary.Get Request' is deprecated. Please use `GET On Session` instead.</msg>
<msg time="2024-09-22T17:58:58.750230" level="WARN">Keyword 'RequestsLibrary.Post Request' is deprecated. Please use `POST On Session` instead.</msg>
<msg time="2024-09-22T17:58:58.908917" level="WARN">Keyword 'RequestsLibrary.Post Request' is deprecated. Please use `POST On Session` instead.</msg>
</errors>
</robot>
